#
# A fatal error has been detected by the Java Runtime Environment:
#
#  SIGSEGV (0xb) at pc=0x00007f8c2adb8b99, pid=84872, tid=84978
#
# JRE version: OpenJDK Runtime Environment (25.0.2) (build 25.0.2)
# Java VM: OpenJDK 64-Bit Server VM (25.0.2, mixed mode, sharing, tiered, compressed oops, compressed class ptrs, g1 gc, linux-amd64)
# Problematic frame:
# V  [libjvm.so+0x9b8b99]
#
# Core dump will be written. Default location: Core dumps may be processed with "/usr/lib/systemd/systemd-coredump %P %u %g %s %t %c %h %d %F" (or dumping to /home/wxrl/rotdb/core.84872)
#
# If you would like to submit a bug report, please visit:
#   https://bugreport.java.com/bugreport/crash.jsp
#

---------------  S U M M A R Y ------------

Command Line: --enable-native-access=ALL-UNNAMED -Dclassworlds.conf=/usr/share/java/maven/bin/m2.conf -Dmaven.home=/usr/share/java/maven -Dlibrary.jansi.path=/usr/share/java/maven/lib/jansi-native -Dmaven.multiModuleProjectDirectory=/home/wxrl/rotdb org.codehaus.plexus.classworlds.launcher.Launcher spring-boot:run

Host: 13th Gen Intel(R) Core(TM) i9-13900K, 32 cores, 31G, CachyOS
Time: Fri Mar 13 11:08:56 2026 MDT elapsed time: 1.387469 seconds (0d 0h 0m 1s)

---------------  T H R E A D  ---------------

Current thread (0x00007f8b8c5f2a50):  JavaThread "C2 CompilerThread9" daemon [_thread_in_native, id=84978, stack(0x00007f8b4bafc000,0x00007f8b4bbfc000) (1024K)]


Current CompileTask:
C2:1387 9617       4       com.sun.tools.javac.comp.Resolve::findMethod (549 bytes)

Stack: [0x00007f8b4bafc000,0x00007f8b4bbfc000],  sp=0x00007f8b4bbf6920,  free space=1002k
Native frames: (J=compiled Java code, j=interpreted, Vv=VM code, C=native code)
V  [libjvm.so+0x9b8b99]
V  [libjvm.so+0x9c2b02]
V  [libjvm.so+0x3a3952]
V  [libjvm.so+0x44530c]
V  [libjvm.so+0x36dc2a]
V  [libjvm.so+0x46214c]
V  [libjvm.so+0x703b35]
V  [libjvm.so+0xb1b069]

siginfo: si_signo: 11 (SIGSEGV), si_code: 1 (SEGV_MAPERR), si_addr: 0x000000000000802c

Registers:
RAX=0x00007f8c2a61a239, RBX=0x00007f8b38983090, RCX=0x000000000000000c, RDX=0x0000000000000002
RSP=0x00007f8b4bbf6920, RBP=0x00007f8b4bbf69f0, RSI=0x0000000000007fd8, RDI=0x00007f8b4bbf6990
R8 =0x0000080000000000, R9 =0x00007f8c2b6e3140, R10=0x000000000000016b, R11=0x0000000000000001
R12=0x00007f8c2a61992c, R13=0x0000000000000000, R14=0x00007f8c2b6e3140, R15=0x00007f8bb0bc3a08
RIP=0x00007f8c2adb8b99, EFLAGS=0x0000000000010206, CSGSFS=0x002b000000000033, ERR=0x0000000000000004
  TRAPNO=0x000000000000000e

XMM[0]=0x0000000200000002 0x000000020000016b
XMM[1]=0x0000000000000000 0x000000020000016b
XMM[2]=0x0000000000000000 0x0000000000000002
XMM[3]=0x0000000000000000 0x000000000000016b
XMM[4]=0x00007f8ba461fb68 0x00007f8ba461fee8
XMM[5]=0x0000000000000000 0x3ff8000000000000
XMM[6]=0x0000000000000000 0x00007f8b4bbf6c40
XMM[7]=0x00007f8ba817fd88 0x00007f8ba817fce8
XMM[8]=0x00007f8ba42d2620 0x00007f8ba42d26b0
XMM[9]=0x0000000800000008 0x0000000800000008
XMM[10]=0x0000000000000000 0x4376345785d8a000
XMM[11]=0x0000000000000000 0x0000000000000002
XMM[12]=0x0000000000000000 0x0000000000000004
XMM[13]=0x0000000000000000 0x0000000000000004
XMM[14]=0x0000000000000000 0x0000000000000000
XMM[15]=0x0000000000000000 0x0000000000000000
  MXCSR=0x00001fa2


Register to memory mapping:

RAX=0x00007f8c2a61a239: <offset 0x000000000021a239> in /usr/lib/jvm/java-25-openjdk/lib/server/libjvm.so at 0x00007f8c2a400000
RBX=0x00007f8b38983090 points into unknown readable memory: 0x0000000900000038 | 38 00 00 00 09 00 00 00
RCX=0x000000000000000c is an unknown value
RDX=0x0000000000000002 is an unknown value
RSP=0x00007f8b4bbf6920 is pointing into the stack for thread: 0x00007f8b8c5f2a50
RBP=0x00007f8b4bbf69f0 is pointing into the stack for thread: 0x00007f8b8c5f2a50
RSI=0x0000000000007fd8 is an unknown value
RDI=0x00007f8b4bbf6990 is pointing into the stack for thread: 0x00007f8b8c5f2a50
R8 =0x0000080000000000 is an unknown value
R9 =0x00007f8c2b6e3140: <offset 0x00000000012e3140> in /usr/lib/jvm/java-25-openjdk/lib/server/libjvm.so at 0x00007f8c2a400000
R10=0x000000000000016b is an unknown value
R11=0x0000000000000001 is an unknown value
R12=0x00007f8c2a61992c: <offset 0x000000000021992c> in /usr/lib/jvm/java-25-openjdk/lib/server/libjvm.so at 0x00007f8c2a400000
R13=0x0 is null
R14=0x00007f8c2b6e3140: <offset 0x00000000012e3140> in /usr/lib/jvm/java-25-openjdk/lib/server/libjvm.so at 0x00007f8c2a400000
R15=0x00007f8bb0bc3a08 points into unknown readable memory: 0x000000020000000c | 0c 00 00 00 02 00 00 00

Top of Stack: (sp=0x00007f8b4bbf6920)
0x00007f8b4bbf6920:   0000001f00000000 00007f8c2b6e3140   ........@1n+....
0x00007f8b4bbf6930:   00007f8b4bbf6ad0 00007f8b4bbf6d30   .j.K....0m.K....
0x00007f8b4bbf6940:   00007f8b4bbf6a80 00007f8bc88953f0   .j.K.....S......
0x00007f8b4bbf6950:   0000000000000163 0000000000000008   c...............
0x00007f8b4bbf6960:   0000000800000000 0000000000000000   ................
0x00007f8b4bbf6970:   00007f8b389bfbf0 00007f8b9c3f5c20   ...8.... \?.....
0x00007f8b4bbf6980:   0000000200000002 00007f8b00000002   ................
0x00007f8b4bbf6990:   0000000000000000 000000020000016b   ........k.......
0x00007f8b4bbf69a0:   0000000200000002 00007f8b9c3f5c20   ........ \?.....
0x00007f8b4bbf69b0:   00007f8bb06e6e58 00007f8ba0788d58   Xnn.....X.x.....
0x00007f8b4bbf69c0:   00007f8b4bbf6a80 0000000000000002   .j.K............
0x00007f8b4bbf69d0:   00007f8b4bbf6a80 00007f8ba0788d58   .j.K....X.x.....
0x00007f8b4bbf69e0:   00007f8b4bbf6d30 00007f8bc8895288   0m.K.....R......
0x00007f8b4bbf69f0:   00007f8b4bbf6b30 00007f8c2adc2b02   0k.K.....+.*....
0x00007f8b4bbf6a00:   00007f8b8c741310 00007f8bb4367950   ..t.....Py6.....
0x00007f8b4bbf6a10:   00007f8bb4367950 00007f8bb4367950   Py6.....Py6.....
0x00007f8b4bbf6a20:   00007f8b4bbf6d30 00000000000004c8   0m.K............
0x00007f8b4bbf6a30:   00007f8b00000002 00007f8b4bbf6ad0   .........j.K....
0x00007f8b4bbf6a40:   00007f8ba0787cd8 00007f8b4bbf6a80   .|x......j.K....
0x00007f8b4bbf6a50:   000000000000000c 00007f8b0000000d   ................
0x00007f8b4bbf6a60:   0000000000000000 0000000000000000   ................
0x00007f8b4bbf6a70:   00007f8bb0489ea8 00007f8b4bbf6ad0   ..H......j.K....
0x00007f8b4bbf6a80:   0000004000000040 00007f8c24613ca8   @...@....<a$....
0x00007f8b4bbf6a90:   00007f8b8c741310 00007f8c2a79bcaf   ..t.......y*....
0x00007f8b4bbf6aa0:   00007f8b8c741310 00007f8bc841ea40   ..t.....@.A.....
0x00007f8b4bbf6ab0:   00007f8bc841eab8 00007f8bc8426a30   ..A.....0jB.....
0x00007f8b4bbf6ac0:   00000000002694d8 000000254bbf6ca0   ..&......l.K%...
0x00007f8b4bbf6ad0:   ffffffff00000020 00007f8b8c741310    .........t.....
0x00007f8b4bbf6ae0:   00000000fffffffc 00007f8bb0551e70   ........p.U.....
0x00007f8b4bbf6af0:   00007f8b0000000f 0000000000000030   ........0.......
0x00007f8b4bbf6b00:   00007f8bb006aee0 00007f8b4bbf70f0   .........p.K....
0x00007f8b4bbf6b10:   0000000000000000 00007f8b4bbf6c40   ........@l.K....

Instructions: (pc=0x00007f8c2adb8b99)
  0x00007f8c2adb8a99:   49 85 f0 75 82 48 8b 45 80 83 03 01 48 8b 40 08
  0x00007f8c2adb8aa9:   48 85 c0 74 12 4a 8b 04 d8 48 8b 04 08 48 0f a3
  0x00007f8c2adb8ab9:   d0 0f 82 60 ff ff ff 49 8b 57 08 48 85 d2 0f 84
  0x00007f8c2adb8ac9:   3b 03 00 00 4a 8b 04 da 4c 39 c8 0f 84 88 03 00
  0x00007f8c2adb8ad9:   00 48 01 c8 48 8b 10 48 89 d1 4c 09 c1 48 89 08
  0x00007f8c2adb8ae9:   4c 85 c2 0f 85 2e ff ff ff 41 83 07 01 4d 85 ed
  0x00007f8c2adb8af9:   0f 85 2a ff ff ff 90 83 7d 98 03 0f 86 36 02 00
  0x00007f8c2adb8b09:   00 8b 75 90 39 75 94 73 6e c4 c1 79 6e da c5 f9
  0x00007f8c2adb8b19:   6e 55 94 48 8b 45 88 48 8d 7d a0 c4 e3 69 22 45
  0x00007f8c2adb8b29:   90 01 c4 e3 61 22 4d 98 01 48 c7 45 a0 00 00 00
  0x00007f8c2adb8b39:   00 48 89 45 b8 c5 f1 6c c0 c5 fa 7f 45 a8 e8 c4
  0x00007f8c2adb8b49:   0f ce ff 4c 8b 6d a0 44 8b 55 a8 41 89 c4 8b 45
  0x00007f8c2adb8b59:   ac 89 45 98 8b 45 b0 89 45 94 8b 45 b4 89 45 90
  0x00007f8c2adb8b69:   48 8b 45 b8 48 89 45 88 45 85 e4 0f 85 cf fe ff
  0x00007f8c2adb8b79:   ff 66 0f 1f 44 00 00 41 8b 0f 4c 8b a5 48 ff ff
  0x00007f8c2adb8b89:   ff 85 c9 0f 84 4c 02 00 00 48 8b b5 58 ff ff ff
=>0x00007f8c2adb8b99:   8b 46 54 8d 50 ff 49 8b 44 24 28 4c 89 3c d0 48
  0x00007f8c2adb8ba9:   83 bd 78 ff ff ff 00 0f 85 39 02 00 00 8b 4e 54
  0x00007f8c2adb8bb9:   48 8b b5 50 ff ff ff 89 c8 c1 e8 05 3b 06 0f 83
  0x00007f8c2adb8bc9:   22 02 00 00 48 8b 76 08 ba 01 00 00 00 c4 e2 71
  0x00007f8c2adb8bd9:   f7 d2 23 14 86 0f 84 0b 02 00 00 48 8b b5 40 ff
  0x00007f8c2adb8be9:   ff ff 8b 5e 20 8d 43 01 89 46 20 3b 1e 0f 83 f2
  0x00007f8c2adb8bf9:   03 00 00 48 8b 85 40 ff ff ff 48 8b b5 58 ff ff
  0x00007f8c2adb8c09:   ff 48 8b 40 18 48 89 34 d8 e9 d8 01 00 00 66 0f
  0x00007f8c2adb8c19:   1f 84 00 00 00 00 00 8b 83 90 00 00 00 83 f8 10
  0x00007f8c2adb8c29:   0f 87 d1 00 00 00 48 8d 53 10 48 89 53 08 4c 8d
  0x00007f8c2adb8c39:   0d 02 a5 92 00 85 c0 0f 84 13 fe ff ff 31 c0 4d
  0x00007f8c2adb8c49:   89 f1 66 2e 0f 1f 84 00 00 00 00 00 66 66 2e 0f
  0x00007f8c2adb8c59:   1f 84 00 00 00 00 00 4c 89 34 c2 48 83 c0 01 48
  0x00007f8c2adb8c69:   8b 53 08 3b 83 90 00 00 00 72 ec 45 89 e3 41 c1
  0x00007f8c2adb8c79:   eb 08 4a 8b 04 da 4c 39 c8 0f 85 e5 fd ff ff 44
  0x00007f8c2adb8c89:   89 e6 48 89 df 44 89 95 60 ff ff ff 4c 89 8d 68


Stack slot to memory mapping:

stack at sp + 0 slots: 0x0000001f00000000 is an unknown value
stack at sp + 1 slots: 0x00007f8c2b6e3140: <offset 0x00000000012e3140> in /usr/lib/jvm/java-25-openjdk/lib/server/libjvm.so at 0x00007f8c2a400000
stack at sp + 2 slots: 0x00007f8b4bbf6ad0 is pointing into the stack for thread: 0x00007f8b8c5f2a50
stack at sp + 3 slots: 0x00007f8b4bbf6d30 is pointing into the stack for thread: 0x00007f8b8c5f2a50
stack at sp + 4 slots: 0x00007f8b4bbf6a80 is pointing into the stack for thread: 0x00007f8b8c5f2a50
stack at sp + 5 slots: 0x00007f8bc88953f0 points into unknown readable memory: 0x00007f8c2b666df0 | f0 6d 66 2b 8c 7f 00 00
stack at sp + 6 slots: 0x0000000000000163 is an unknown value
stack at sp + 7 slots: 0x0000000000000008 is an unknown value

Lock stack of current Java thread (top to bottom):


---------------  P R O C E S S  ---------------

Threads class SMR info:
_java_thread_list=0x00007f8b8c696b30, length=24, elements={
0x00007f8c24019c50, 0x00007f8c241327f0, 0x00007f8c24133680, 0x00007f8c24134b30,
0x00007f8c24135e10, 0x00007f8c24137510, 0x00007f8c24139300, 0x00007f8c2413ad00,
0x00007f8bbc01be30, 0x00007f8bbc04ed80, 0x00007f8c24173d10, 0x00007f8c24176620,
0x00007f8bbc056d90, 0x00007f8bb418ce40, 0x00007f8bc00b4bd0, 0x00007f8bc026c3a0,
0x00007f8bc026dc60, 0x00007f8bc026f260, 0x00007f8bc0270860, 0x00007f8bc0272270,
0x00007f8b9c001d90, 0x00007f8c2483cbd0, 0x00007f8bc0666b80, 0x00007f8b8c5f2a50
}

Java Threads: ( => current thread )
  0x00007f8c24019c50 JavaThread "main"                              [_thread_in_Java, id=84913, stack(0x00007f8c2a300000,0x00007f8c2a400000) (1024K)]
  0x00007f8c241327f0 JavaThread "Reference Handler"          daemon [_thread_blocked, id=84926, stack(0x00007f8bf2bed000,0x00007f8bf2ced000) (1024K)]
  0x00007f8c24133680 JavaThread "Finalizer"                  daemon [_thread_blocked, id=84927, stack(0x00007f8bf2def000,0x00007f8bf2eef000) (1024K)]
  0x00007f8c24134b30 JavaThread "Signal Dispatcher"          daemon [_thread_blocked, id=84928, stack(0x00007f8bf2aec000,0x00007f8bf2bec000) (1024K)]
  0x00007f8c24135e10 JavaThread "Service Thread"             daemon [_thread_blocked, id=84929, stack(0x00007f8bf29eb000,0x00007f8bf2aeb000) (1024K)]
  0x00007f8c24137510 JavaThread "Monitor Deflation Thread"   daemon [_thread_blocked, id=84930, stack(0x00007f8bf2300000,0x00007f8bf2400000) (1024K)]
  0x00007f8c24139300 JavaThread "C2 CompilerThread0"         daemon [_thread_in_native, id=84931, stack(0x00007f8bf21ff000,0x00007f8bf22ff000) (1024K)]
  0x00007f8c2413ad00 JavaThread "C1 CompilerThread0"         daemon [_thread_in_native, id=84932, stack(0x00007f8bf20fe000,0x00007f8bf21fe000) (1024K)]
  0x00007f8bbc01be30 JavaThread "C1 CompilerThread1"         daemon [_thread_blocked, id=84933, stack(0x00007f8bf1ffd000,0x00007f8bf20fd000) (1024K)]
  0x00007f8bbc04ed80 JavaThread "C1 CompilerThread2"         daemon [_thread_blocked, id=84934, stack(0x00007f8bf1efc000,0x00007f8bf1ffc000) (1024K)]
  0x00007f8c24173d10 JavaThread "Notification Thread"        daemon [_thread_blocked, id=84935, stack(0x00007f8bf1dfb000,0x00007f8bf1efb000) (1024K)]
  0x00007f8c24176620 JavaThread "Common-Cleaner"             daemon [_thread_blocked, id=84936, stack(0x00007f8bf1cfa000,0x00007f8bf1dfa000) (1024K)]
  0x00007f8bbc056d90 JavaThread "C2 CompilerThread1"         daemon [_thread_in_native, id=84937, stack(0x00007f8bf1bf9000,0x00007f8bf1cf9000) (1024K)]
  0x00007f8bb418ce40 JavaThread "C1 CompilerThread3"         daemon [_thread_blocked, id=84939, stack(0x00007f8bf1af8000,0x00007f8bf1bf8000) (1024K)]
  0x00007f8bc00b4bd0 JavaThread "C1 CompilerThread4"         daemon [_thread_in_vm, id=84940, stack(0x00007f8bf1700000,0x00007f8bf1800000) (1024K)]
  0x00007f8bc026c3a0 JavaThread "C2 CompilerThread2"         daemon [_thread_in_native, id=84941, stack(0x00007f8bf15ff000,0x00007f8bf16ff000) (1024K)]
  0x00007f8bc026dc60 JavaThread "C2 CompilerThread3"         daemon [_thread_in_native, id=84942, stack(0x00007f8bf14fe000,0x00007f8bf15fe000) (1024K)]
  0x00007f8bc026f260 JavaThread "C2 CompilerThread4"         daemon [_thread_in_native, id=84943, stack(0x00007f8bf13fd000,0x00007f8bf14fd000) (1024K)]
  0x00007f8bc0270860 JavaThread "C2 CompilerThread5"         daemon [_thread_in_native, id=84944, stack(0x00007f8bf12fc000,0x00007f8bf13fc000) (1024K)]
  0x00007f8bc0272270 JavaThread "C2 CompilerThread6"         daemon [_thread_in_native, id=84945, stack(0x00007f8bf11fb000,0x00007f8bf12fb000) (1024K)]
  0x00007f8b9c001d90 JavaThread "C2 CompilerThread7"         daemon [_thread_in_native, id=84946, stack(0x00007f8bf10fa000,0x00007f8bf11fa000) (1024K)]
  0x00007f8c2483cbd0 JavaThread "Thread-1"                   daemon [_thread_blocked, id=84958, stack(0x00007f8bf04ee000,0x00007f8bf05ee000) (1024K)]
  0x00007f8bc0666b80 JavaThread "C2 CompilerThread8"         daemon [_thread_in_native, id=84977, stack(0x00007f8b4bbfd000,0x00007f8b4bcfd000) (1024K)]
=>0x00007f8b8c5f2a50 JavaThread "C2 CompilerThread9"         daemon [_thread_in_native, id=84978, stack(0x00007f8b4bafc000,0x00007f8b4bbfc000) (1024K)]
Total: 24

Other Threads:
  0x00007f8c24128a50 VMThread "VM Thread"                           [id=84925, stack(0x00007f8bf2ef0000,0x00007f8bf2ff0000) (1024K)]
  0x00007f8c241179f0 WatcherThread "VM Periodic Task Thread"        [id=84924, stack(0x00007f8bf2cee000,0x00007f8bf2dee000) (1024K)]
  0x00007f8c240489f0 WorkerThread "GC Thread#0"                     [id=84914, stack(0x00007f8c284dc000,0x00007f8c285dc000) (1024K)]
  0x00007f8be800c700 WorkerThread "GC Thread#1"                     [id=84947, stack(0x00007f8bf0ff9000,0x00007f8bf10f9000) (1024K)]
  0x00007f8be800d3b0 WorkerThread "GC Thread#2"                     [id=84948, stack(0x00007f8bf0ef8000,0x00007f8bf0ff8000) (1024K)]
  0x00007f8be800e100 WorkerThread "GC Thread#3"                     [id=84949, stack(0x00007f8bf0df7000,0x00007f8bf0ef7000) (1024K)]
  0x00007f8be800ee50 WorkerThread "GC Thread#4"                     [id=84950, stack(0x00007f8bf0cf6000,0x00007f8bf0df6000) (1024K)]
  0x00007f8be800fba0 WorkerThread "GC Thread#5"                     [id=84951, stack(0x00007f8bf0bf5000,0x00007f8bf0cf5000) (1024K)]
  0x00007f8be80108f0 WorkerThread "GC Thread#6"                     [id=84952, stack(0x00007f8bf0af4000,0x00007f8bf0bf4000) (1024K)]
  0x00007f8be8011640 WorkerThread "GC Thread#7"                     [id=84953, stack(0x00007f8bf09f3000,0x00007f8bf0af3000) (1024K)]
  0x00007f8be8012390 WorkerThread "GC Thread#8"                     [id=84954, stack(0x00007f8bf08f2000,0x00007f8bf09f2000) (1024K)]
  0x00007f8be80130e0 WorkerThread "GC Thread#9"                     [id=84955, stack(0x00007f8bf07f1000,0x00007f8bf08f1000) (1024K)]
  0x00007f8be8013e30 WorkerThread "GC Thread#10"                    [id=84956, stack(0x00007f8bf06f0000,0x00007f8bf07f0000) (1024K)]
  0x00007f8be8014bc0 WorkerThread "GC Thread#11"                    [id=84957, stack(0x00007f8bf05ef000,0x00007f8bf06ef000) (1024K)]
  0x00007f8be801f510 WorkerThread "GC Thread#12"                    [id=84961, stack(0x00007f8bf03ed000,0x00007f8bf04ed000) (1024K)]
  0x00007f8be801fee0 WorkerThread "GC Thread#13"                    [id=84962, stack(0x00007f8bf02ec000,0x00007f8bf03ec000) (1024K)]
  0x00007f8be80232f0 WorkerThread "GC Thread#14"                    [id=84979, stack(0x00007f8b4b9fb000,0x00007f8b4bafb000) (1024K)]
  0x00007f8be80265b0 WorkerThread "GC Thread#15"                    [id=84980, stack(0x00007f8b4b8fa000,0x00007f8b4b9fa000) (1024K)]
  0x00007f8be801ae10 WorkerThread "GC Thread#16"                    [id=84981, stack(0x00007f8b4b7f9000,0x00007f8b4b8f9000) (1024K)]
  0x00007f8c240615f0 ConcurrentGCThread "G1 Main Marker"            [id=84915, stack(0x00007f8c283db000,0x00007f8c284db000) (1024K)]
  0x00007f8c24062810 WorkerThread "G1 Conc#0"                       [id=84916, stack(0x00007f8c282da000,0x00007f8c283da000) (1024K)]
  0x00007f8bf4000cc0 WorkerThread "G1 Conc#1"                       [id=84963, stack(0x00007f8bf01eb000,0x00007f8bf02eb000) (1024K)]
  0x00007f8bf40019f0 WorkerThread "G1 Conc#2"                       [id=84964, stack(0x00007f8bf00ea000,0x00007f8bf01ea000) (1024K)]
  0x00007f8bf4002780 WorkerThread "G1 Conc#3"                       [id=84965, stack(0x00007f8b4bf00000,0x00007f8b4c000000) (1024K)]
  0x00007f8bf4003510 WorkerThread "G1 Conc#4"                       [id=84966, stack(0x00007f8b4bdff000,0x00007f8b4beff000) (1024K)]
  0x00007f8bf40042a0 WorkerThread "G1 Conc#5"                       [id=84968, stack(0x00007f8b4bcfe000,0x00007f8b4bdfe000) (1024K)]
  0x00007f8c24107c80 ConcurrentGCThread "G1 Refine#0"               [id=84917, stack(0x00007f8bf30f2000,0x00007f8bf31f2000) (1024K)]
  0x00007f8c24108e80 ConcurrentGCThread "G1 Service"                [id=84918, stack(0x00007f8bf2ff1000,0x00007f8bf30f1000) (1024K)]
Total: 28

Threads with active compile tasks:
C2 CompilerThread0  1389 9885  s!   4       jdk.internal.loader.URLClassPath::getLoader (202 bytes)
C1 CompilerThread0  1389 9891   !   3       com.sun.tools.javac.parser.JavaTokenizer::readToken (1833 bytes)
C2 CompilerThread1  1389 9595       4       com.sun.tools.javac.comp.Resolve::rawInstantiate (516 bytes)
C2 CompilerThread2  1389 9871       4       com.sun.tools.javac.code.Symtab::lookupPackage (259 bytes)
C2 CompilerThread3  1389 9868       4       com.sun.tools.javac.util.Convert::shortName (23 bytes)
C2 CompilerThread4  1389 9907       4       java.util.stream.ReferencePipeline::collect (124 bytes)
C2 CompilerThread5  1389 9895       4       java.util.HashMap::resize (356 bytes)
C2 CompilerThread6  1389 9840 % !   4       java.util.jar.Attributes::read @ 214 (494 bytes)
C2 CompilerThread7  1389 9902   !   4       java.lang.String::replace (258 bytes)
C2 CompilerThread8  1389 9743       4       com.sun.tools.javac.comp.Resolve::findVar (613 bytes)
C2 CompilerThread9  1389 9617       4       com.sun.tools.javac.comp.Resolve::findMethod (549 bytes)
Total: 11

VM state: not at safepoint (normal execution)

VM Mutex/Monitor currently owned by a thread: None

Heap address: 0x000000060ec00000, size: 7956 MB, Compressed Oops mode: Zero based, Oop shift amount: 3

CDS archive(s) mapped at: [0x0000000016000000-0x0000000016d8d000-0x0000000016d8d000), size 14209024, SharedBaseAddress: 0x0000000016000000, ArchiveRelocationMode: 1.
Compressed class space mapped at: 0x0000000017000000-0x0000000057000000, reserved size: 1073741824
UseCompressedClassPointers 1, UseCompactObjectHeaders 0
Narrow klass pointer bits 32, Max shift 3
Narrow klass base: 0x0000000016000000, Narrow klass shift: 0
Encoding Range: [0x0000000016000000 - 0x0000000116000000), (4294967296 bytes)
Klass Range:    [0x0000000016001000 - 0x0000000057000000), (1090514944 bytes)
Klass ID Range:  [4096 - 1090519033) (1090514937)
Protection zone: [0x0000000016000000 - 0x0000000016001000), (4096 bytes)

GC Precious Log:
 CardTable entry size: 512
 Card Set container configuration: InlinePtr #cards 4 size 8 Array Of Cards #cards 32 size 80 Howl #buckets 8 coarsen threshold 7372 Howl Bitmap #cards 1024 size 144 coarsen threshold 921 Card regions per heap region 1 cards per card region 8192
 CPUs: 32 total, 32 available
 Memory: 31823M
 Large Page Support: Disabled
 NUMA Support: Disabled
 Compressed Oops: Enabled (Zero based)
 Heap Region Size: 4M
 Heap Min Capacity: 8M
 Heap Initial Capacity: 500M
 Heap Max Capacity: 7956M
 Pre-touch: Disabled
 Parallel Workers: 23
 Concurrent Workers: 6
 Concurrent Refinement Workers: 23
 Periodic GC: Disabled

Heap:
 garbage-first heap   total reserved 8146944K, committed 147456K, used 61684K [0x000000060ec00000, 0x0000000800000000)
  region size 4096K, 6 young (24576K), 3 survivors (12288K)

Heap Regions: E=young(eden), S=young(survivor), O=old, HS=humongous(starts), HC=humongous(continues), CS=collection set, F=free, TAMS=top-at-mark-start, PB=parsable bottom
|   0|0x000000060ec00000, 0x000000060f000000, 0x000000060f000000|100%| O|  |TAMS 0x000000060ec00000| PB 0x000000060ec00000| Untracked |  0
|   1|0x000000060f000000, 0x000000060f400000, 0x000000060f400000|100%| O|  |TAMS 0x000000060f000000| PB 0x000000060f000000| Untracked |  0
|   2|0x000000060f400000, 0x000000060f800000, 0x000000060f800000|100%| O|  |TAMS 0x000000060f400000| PB 0x000000060f400000| Untracked |  0
|   3|0x000000060f800000, 0x000000060fc00000, 0x000000060fc00000|100%| O|  |TAMS 0x000000060f800000| PB 0x000000060f800000| Untracked |  0
|   4|0x000000060fc00000, 0x000000060fd06f40, 0x0000000610000000| 25%| O|  |TAMS 0x000000060fc00000| PB 0x000000060fc00000| Untracked |  0
|   5|0x0000000610000000, 0x0000000610000000, 0x0000000610400000|  0%| F|  |TAMS 0x0000000610000000| PB 0x0000000610000000| Untracked |  0
|   6|0x0000000610400000, 0x0000000610400000, 0x0000000610800000|  0%| F|  |TAMS 0x0000000610400000| PB 0x0000000610400000| Untracked |  0
|   7|0x0000000610800000, 0x0000000610800000, 0x0000000610c00000|  0%| F|  |TAMS 0x0000000610800000| PB 0x0000000610800000| Untracked |  0
|   8|0x0000000610c00000, 0x0000000610c00000, 0x0000000611000000|  0%| F|  |TAMS 0x0000000610c00000| PB 0x0000000610c00000| Untracked |  0
|   9|0x0000000611000000, 0x0000000611000000, 0x0000000611400000|  0%| F|  |TAMS 0x0000000611000000| PB 0x0000000611000000| Untracked |  0
|  10|0x0000000611400000, 0x00000006117360e8, 0x0000000611800000| 80%| S|CS|TAMS 0x0000000611400000| PB 0x0000000611400000| Complete |  0
|  11|0x0000000611800000, 0x0000000611c00000, 0x0000000611c00000|100%| S|CS|TAMS 0x0000000611800000| PB 0x0000000611800000| Complete |  0
|  12|0x0000000611c00000, 0x0000000612000000, 0x0000000612000000|100%| S|CS|TAMS 0x0000000611c00000| PB 0x0000000611c00000| Complete |  0
|  13|0x0000000612000000, 0x0000000612000000, 0x0000000612400000|  0%| F|  |TAMS 0x0000000612000000| PB 0x0000000612000000| Untracked |  0
|  14|0x0000000612400000, 0x0000000612400000, 0x0000000612800000|  0%| F|  |TAMS 0x0000000612400000| PB 0x0000000612400000| Untracked |  0
|  15|0x0000000612800000, 0x0000000612800000, 0x0000000612c00000|  0%| F|  |TAMS 0x0000000612800000| PB 0x0000000612800000| Untracked |  0
|  16|0x0000000612c00000, 0x0000000612c00000, 0x0000000613000000|  0%| F|  |TAMS 0x0000000612c00000| PB 0x0000000612c00000| Untracked |  0
|  17|0x0000000613000000, 0x0000000613000000, 0x0000000613400000|  0%| F|  |TAMS 0x0000000613000000| PB 0x0000000613000000| Untracked |  0
|  18|0x0000000613400000, 0x0000000613400000, 0x0000000613800000|  0%| F|  |TAMS 0x0000000613400000| PB 0x0000000613400000| Untracked |  0
|  19|0x0000000613800000, 0x0000000613800000, 0x0000000613c00000|  0%| F|  |TAMS 0x0000000613800000| PB 0x0000000613800000| Untracked |  0
|  20|0x0000000613c00000, 0x0000000613c00000, 0x0000000614000000|  0%| F|  |TAMS 0x0000000613c00000| PB 0x0000000613c00000| Untracked |  0
|  21|0x0000000614000000, 0x0000000614000000, 0x0000000614400000|  0%| F|  |TAMS 0x0000000614000000| PB 0x0000000614000000| Untracked |  0
|  79|0x0000000622800000, 0x0000000622800000, 0x0000000622c00000|  0%| F|  |TAMS 0x0000000622800000| PB 0x0000000622800000| Untracked |  0
|  80|0x0000000622c00000, 0x0000000622c00000, 0x0000000623000000|  0%| F|  |TAMS 0x0000000622c00000| PB 0x0000000622c00000| Untracked |  0
|  81|0x0000000623000000, 0x0000000623000000, 0x0000000623400000|  0%| F|  |TAMS 0x0000000623000000| PB 0x0000000623000000| Untracked |  0
|  82|0x0000000623400000, 0x0000000623400000, 0x0000000623800000|  0%| F|  |TAMS 0x0000000623400000| PB 0x0000000623400000| Untracked |  0
|  83|0x0000000623800000, 0x0000000623800000, 0x0000000623c00000|  0%| F|  |TAMS 0x0000000623800000| PB 0x0000000623800000| Untracked |  0
|  84|0x0000000623c00000, 0x0000000623d10148, 0x0000000624000000| 26%| E|  |TAMS 0x0000000623c00000| PB 0x0000000623c00000| Complete |  0
| 124|0x000000062dc00000, 0x000000062e000000, 0x000000062e000000|100%| E|CS|TAMS 0x000000062dc00000| PB 0x000000062dc00000| Complete |  0
|1982|0x00000007fe400000, 0x00000007fe800000, 0x00000007fe800000|100%| O|  |TAMS 0x00000007fe400000| PB 0x00000007fe400000| Untracked |  0
|1983|0x00000007fe800000, 0x00000007fec00000, 0x00000007fec00000|100%| O|  |TAMS 0x00000007fe800000| PB 0x00000007fe800000| Untracked |  0
|1984|0x00000007fec00000, 0x00000007ff000000, 0x00000007ff000000|100%| O|  |TAMS 0x00000007fec00000| PB 0x00000007fec00000| Untracked |  0
|1985|0x00000007ff000000, 0x00000007ff400000, 0x00000007ff400000|100%| O|  |TAMS 0x00000007ff000000| PB 0x00000007ff000000| Untracked |  0
|1986|0x00000007ff400000, 0x00000007ff800000, 0x00000007ff800000|100%| O|  |TAMS 0x00000007ff400000| PB 0x00000007ff400000| Untracked |  0
|1987|0x00000007ff800000, 0x00000007ffc00000, 0x00000007ffc00000|100%| O|  |TAMS 0x00000007ff800000| PB 0x00000007ff800000| Untracked |  0
|1988|0x00000007ffc00000, 0x0000000800000000, 0x0000000800000000|100%| E|CS|TAMS 0x00000007ffc00000| PB 0x00000007ffc00000| Complete |  0

Card table byte_map: [0x00007f8c0a4ec000,0x00007f8c0b476000] _byte_map_base: 0x00007f8c07476000

Marking Bits: (CMBitMap*) 0x00007f8c24049550
 Bits: [0x00007f8c0289c000, 0x00007f8c0a4ec000)

Polling page: 0x00007f8c2bc3c000

Metaspace:
Metaspace        used 29990K, committed 30272K, reserved 1114112K
 class space     used 3456K, committed 3584K, reserved 1048576K

Usage:
  Non-class:     25.91 MB used.
      Class:      3.38 MB used.
       Both:     29.29 MB used.

Virtual space:
  Non-class space:       64.00 MB reserved,      26.06 MB ( 41%) committed,  1 nodes.
      Class space:        1.00 GB reserved,       3.50 MB ( <1%) committed,  1 nodes.
             Both:        1.06 GB reserved,      29.56 MB (  3%) committed. 

Chunk freelists:
   Non-Class:  5.14 MB
       Class:  12.45 MB
        Both:  17.59 MB

MaxMetaspaceSize: unlimited
CompressedClassSpaceSize: 1.00 GB
Initial GC threshold: 21.00 MB
Current GC threshold: 35.56 MB
CDS: on
 - commit_granule_bytes: 65536.
 - commit_granule_words: 8192.
 - virtual_space_node_default_size: 8388608.
 - enlarge_chunks_in_place: 1.
UseCompressedClassPointers 1, UseCompactObjectHeaders 0
Narrow klass pointer bits 32, Max shift 3
Narrow klass base: 0x0000000016000000, Narrow klass shift: 0
Encoding Range: [0x0000000016000000 - 0x0000000116000000), (4294967296 bytes)
Klass Range:    [0x0000000016001000 - 0x0000000057000000), (1090514944 bytes)
Klass ID Range:  [4096 - 1090519033) (1090514937)
Protection zone: [0x0000000016000000 - 0x0000000016001000), (4096 bytes)


Internal statistics:

num_allocs_failed_limit: 3.
num_arena_births: 210.
num_arena_deaths: 0.
num_vsnodes_births: 2.
num_vsnodes_deaths: 0.
num_space_committed: 473.
num_space_uncommitted: 0.
num_chunks_returned_to_freelist: 3.
num_chunks_taken_from_freelist: 1291.
num_chunk_merges: 3.
num_chunk_splits: 911.
num_chunks_enlarged: 755.
num_inconsistent_stats: 0.

CodeHeap 'non-profiled nmethods': size=118884Kb used=4978Kb max_used=4978Kb free=113905Kb
 bounds [0x00007f8c13fe7000, 0x00007f8c144c7000, 0x00007f8c1b400000]
CodeHeap 'profiled nmethods': size=118876Kb used=18660Kb max_used=18660Kb free=100215Kb
 bounds [0x00007f8c0c400000, 0x00007f8c0d640000, 0x00007f8c13817000]
CodeHeap 'non-nmethods': size=8000Kb used=3758Kb max_used=3984Kb free=4241Kb
 bounds [0x00007f8c13817000, 0x00007f8c13c27000, 0x00007f8c13fe7000]
CodeCache: size=245760Kb, used=27396Kb, max_used=27622Kb, free=218361Kb
 total_blobs=10476, nmethods=9909, adapters=466, full_count=0
Compilation: enabled, stopped_count=0, restarted_count=0

Compilation events (20 events):
Event: 1.386 Thread 0x00007f8bbc01be30 nmethod 9899 0x00007f8c0d629188 code [0x00007f8c0d629280, 0x00007f8c0d629480]
Event: 1.386 Thread 0x00007f8bb418ce40 nmethod 9900 0x00007f8c0d629508 code [0x00007f8c0d629600, 0x00007f8c0d629a60]
Event: 1.386 Thread 0x00007f8b9c001d90 9902   !   4       java.lang.String::replace (258 bytes)
Event: 1.387 Thread 0x00007f8bc00b4bd0 9905       3       com.sun.tools.javac.jvm.ClassReader::readExportsFlags (58 bytes)
Event: 1.387 Thread 0x00007f8bbc01be30 9903       3       com.sun.tools.javac.code.Directive$ExportsFlag::values (10 bytes)
Event: 1.387 Thread 0x00007f8bb418ce40 9904       3       com.sun.tools.javac.jvm.PoolReader::getPackage (15 bytes)
Event: 1.387 Thread 0x00007f8bbc01be30 nmethod 9903 0x00007f8c0d629a88 code [0x00007f8c0d629b80, 0x00007f8c0d629de8]
Event: 1.387 Thread 0x00007f8bbc01be30 9906       3       com.sun.tools.javac.code.Directive$ExportsDirective::<init> (20 bytes)
Event: 1.387 Thread 0x00007f8bb418ce40 nmethod 9904 0x00007f8c0d629e08 code [0x00007f8c0d629f00, 0x00007f8c0d62a130]
Event: 1.387 Thread 0x00007f8bbc01be30 nmethod 9906 0x00007f8c0d62a188 code [0x00007f8c0d62a280, 0x00007f8c0d62a568]
Event: 1.387 Thread 0x00007f8bc00b4bd0 nmethod 9905 0x00007f8c0d62a588 code [0x00007f8c0d62a680, 0x00007f8c0d62ab80]
Event: 1.387 Thread 0x00007f8bbc04ed80 nmethod 9901 0x00007f8c0d62ac08 code [0x00007f8c0d62ad00, 0x00007f8c0d62c540]
Event: 1.387 Thread 0x00007f8bbc01be30 9908       3       com.sun.tools.javac.jvm.ClassReader::readRequiresFlags (58 bytes)
Event: 1.387 Thread 0x00007f8bc026f260 nmethod 9887 0x00007f8c144c3108 code [0x00007f8c144c3200, 0x00007f8c144c3b58]
Event: 1.387 Thread 0x00007f8bc026f260 9907       4       java.util.stream.ReferencePipeline::collect (124 bytes)
Event: 1.387 Thread 0x00007f8bc00b4bd0 9910   !   3       com.sun.tools.javac.comp.Modules::completeModule (458 bytes)
Event: 1.387 Thread 0x00007f8bbc01be30 nmethod 9908 0x00007f8c0d62c588 code [0x00007f8c0d62c680, 0x00007f8c0d62cb80]
Event: 1.387 Thread 0x00007f8bb418ce40 9911       3       jdk.nio.zipfs.ZipFileSystemProvider::newInputStream (9 bytes)
Event: 1.387 Thread 0x00007f8bbc04ed80 9912       3       jdk.nio.zipfs.ZipPath::newInputStream (64 bytes)
Event: 1.387 Thread 0x00007f8bbc01be30 9913       3       jdk.nio.zipfs.ZipFileSystem$2::available (38 bytes)

GC Heap Usage History (12 events):
Event: 0.262 {heap Before GC invocations=0 (full 0):
 garbage-first heap   total reserved 8146944K, committed 516096K, used 50307K [0x000000060ec00000, 0x0000000800000000)
  region size 4096K, 12 young (49152K), 0 survivors (0K)
}
Event: 0.265 {heap After GC invocations=1 (full 0):
 garbage-first heap   total reserved 8146944K, committed 516096K, used 6049K [0x000000060ec00000, 0x0000000800000000)
  region size 4096K, 2 young (8192K), 2 survivors (8192K)
}
Event: 0.752 {heap Before GC invocations=1 (full 0):
 garbage-first heap   total reserved 8146944K, committed 516096K, used 186273K [0x000000060ec00000, 0x0000000800000000)
  region size 4096K, 40 young (163840K), 2 survivors (8192K)
}
Event: 0.758 {heap After GC invocations=2 (full 0):
 garbage-first heap   total reserved 8146944K, committed 516096K, used 24885K [0x000000060ec00000, 0x0000000800000000)
  region size 4096K, 6 young (24576K), 6 survivors (24576K)
}
Event: 0.949 {heap Before GC invocations=3 (full 0):
 garbage-first heap   total reserved 8146944K, committed 98304K, used 94517K [0x000000060ec00000, 0x0000000800000000)
  region size 4096K, 23 young (94208K), 6 survivors (24576K)
}
Event: 0.956 {heap After GC invocations=4 (full 0):
 garbage-first heap   total reserved 8146944K, committed 147456K, used 43656K [0x000000060ec00000, 0x0000000800000000)
  region size 4096K, 6 young (24576K), 6 survivors (24576K)
}
Event: 1.091 {heap Before GC invocations=4 (full 0):
 garbage-first heap   total reserved 8146944K, committed 147456K, used 96904K [0x000000060ec00000, 0x0000000800000000)
  region size 4096K, 19 young (77824K), 6 survivors (24576K)
}
Event: 1.096 {heap After GC invocations=5 (full 0):
 garbage-first heap   total reserved 8146944K, committed 147456K, used 46107K [0x000000060ec00000, 0x0000000800000000)
  region size 4096K, 1 young (4096K), 1 survivors (4096K)
}
Event: 1.228 {heap Before GC invocations=5 (full 0):
 garbage-first heap   total reserved 8146944K, committed 147456K, used 103451K [0x000000060ec00000, 0x0000000800000000)
  region size 4096K, 15 young (61440K), 1 survivors (4096K)
}
Event: 1.230 {heap After GC invocations=6 (full 0):
 garbage-first heap   total reserved 8146944K, committed 147456K, used 46405K [0x000000060ec00000, 0x0000000800000000)
  region size 4096K, 2 young (8192K), 2 survivors (8192K)
}
Event: 1.374 {heap Before GC invocations=6 (full 0):
 garbage-first heap   total reserved 8146944K, committed 147456K, used 107845K [0x000000060ec00000, 0x0000000800000000)
  region size 4096K, 17 young (69632K), 2 survivors (8192K)
}
Event: 1.378 {heap After GC invocations=7 (full 0):
 garbage-first heap   total reserved 8146944K, committed 147456K, used 53492K [0x000000060ec00000, 0x0000000800000000)
  region size 4096K, 3 young (12288K), 3 survivors (12288K)
}

Metaspace Usage History (12 events):
Event: 0.262 {metaspace Before GC invocations=0 (full 0):
 Metaspace       used 9141K, committed 9344K, reserved 1114112K
  class space    used 1124K, committed 1216K, reserved 1048576K
}
Event: 0.265 {metaspace After GC invocations=1 (full 0):
 Metaspace       used 9141K, committed 9344K, reserved 1114112K
  class space    used 1124K, committed 1216K, reserved 1048576K
}
Event: 0.752 {metaspace Before GC invocations=1 (full 0):
 Metaspace       used 21215K, committed 21504K, reserved 1114112K
  class space    used 2549K, committed 2688K, reserved 1048576K
}
Event: 0.758 {metaspace After GC invocations=2 (full 0):
 Metaspace       used 21215K, committed 21504K, reserved 1114112K
  class space    used 2549K, committed 2688K, reserved 1048576K
}
Event: 0.949 {metaspace Before GC invocations=3 (full 0):
 Metaspace       used 26794K, committed 27136K, reserved 1114112K
  class space    used 3152K, committed 3328K, reserved 1048576K
}
Event: 0.956 {metaspace After GC invocations=4 (full 0):
 Metaspace       used 26794K, committed 27136K, reserved 1114112K
  class space    used 3152K, committed 3328K, reserved 1048576K
}
Event: 1.091 {metaspace Before GC invocations=4 (full 0):
 Metaspace       used 28696K, committed 28992K, reserved 1114112K
  class space    used 3369K, committed 3520K, reserved 1048576K
}
Event: 1.096 {metaspace After GC invocations=5 (full 0):
 Metaspace       used 28696K, committed 28992K, reserved 1114112K
  class space    used 3369K, committed 3520K, reserved 1048576K
}
Event: 1.228 {metaspace Before GC invocations=5 (full 0):
 Metaspace       used 29484K, committed 29824K, reserved 1114112K
  class space    used 3431K, committed 3584K, reserved 1048576K
}
Event: 1.230 {metaspace After GC invocations=6 (full 0):
 Metaspace       used 29484K, committed 29824K, reserved 1114112K
  class space    used 3431K, committed 3584K, reserved 1048576K
}
Event: 1.374 {metaspace Before GC invocations=6 (full 0):
 Metaspace       used 29951K, committed 30272K, reserved 1114112K
  class space    used 3456K, committed 3584K, reserved 1048576K
}
Event: 1.378 {metaspace After GC invocations=7 (full 0):
 Metaspace       used 29951K, committed 30272K, reserved 1114112K
  class space    used 3456K, committed 3584K, reserved 1048576K
}

Dll operation events (8 events):
Event: 0.002 Loaded shared library /usr/lib/jvm/java-25-openjdk/lib/libjava.so
Event: 0.022 Loaded shared library /usr/lib/jvm/java-25-openjdk/lib/libsimdsort.so
Event: 0.029 Loaded shared library /usr/lib/jvm/java-25-openjdk/lib/libnio.so
Event: 0.031 Loaded shared library /usr/lib/jvm/java-25-openjdk/lib/libzip.so
Event: 0.034 Loaded shared library /usr/lib/jvm/java-25-openjdk/lib/libnet.so
Event: 0.060 Loaded shared library /usr/lib/jvm/java-25-openjdk/lib/libjimage.so
Event: 0.063 Loaded shared library /tmp/jansi-2.4.2-e930ac8a9bebd882-libjansi.so
Event: 0.065 Loaded shared library /usr/lib/jvm/java-25-openjdk/lib/libverify.so

Deoptimization events (20 events):
Event: 1.385 Thread 0x00007f8c24019c50 DEOPT PACKING pc=0x00007f8c1425ba7c sp=0x00007f8c2a3fc620
Event: 1.385 Thread 0x00007f8c24019c50 DEOPT UNPACKING pc=0x00007f8c1393a6f9 sp=0x00007f8c2a3fc4a0 mode 2
Event: 1.385 Thread 0x00007f8c24019c50 Uncommon trap: trap_request=0xffffff45 fr.pc=0x00007f8c142415cc relative=0x00000000000002cc
Event: 1.385 Thread 0x00007f8c24019c50 Uncommon trap: reason=unstable_if action=reinterpret pc=0x00007f8c142415cc method=com.sun.tools.javac.parser.UnicodeReader.isOneOf(CCC)Z @ 13 c2
Event: 1.385 Thread 0x00007f8c24019c50 DEOPT PACKING pc=0x00007f8c142415cc sp=0x00007f8c2a3fc260
Event: 1.385 Thread 0x00007f8c24019c50 DEOPT UNPACKING pc=0x00007f8c1393a6f9 sp=0x00007f8c2a3fc160 mode 2
Event: 1.385 Thread 0x00007f8c24019c50 Uncommon trap: trap_request=0xffffff45 fr.pc=0x00007f8c14240760 relative=0x0000000000000160
Event: 1.385 Thread 0x00007f8c24019c50 Uncommon trap: reason=unstable_if action=reinterpret pc=0x00007f8c14240760 method=com.sun.tools.javac.parser.UnicodeReader.isOneOf(CCC)Z @ 13 c2
Event: 1.385 Thread 0x00007f8c24019c50 DEOPT PACKING pc=0x00007f8c14240760 sp=0x00007f8c2a3fc0e0
Event: 1.385 Thread 0x00007f8c24019c50 DEOPT UNPACKING pc=0x00007f8c1393a6f9 sp=0x00007f8c2a3fc048 mode 2
Event: 1.385 Thread 0x00007f8c24019c50 Uncommon trap: trap_request=0xffffff45 fr.pc=0x00007f8c142260d4 relative=0x0000000000000554
Event: 1.385 Thread 0x00007f8c24019c50 Uncommon trap: reason=unstable_if action=reinterpret pc=0x00007f8c142260d4 method=com.sun.tools.javac.util.Position$LineMapImpl.build([CI)V @ 87 c2
Event: 1.385 Thread 0x00007f8c24019c50 DEOPT PACKING pc=0x00007f8c142260d4 sp=0x00007f8c2a3fc7e0
Event: 1.385 Thread 0x00007f8c24019c50 DEOPT UNPACKING pc=0x00007f8c1393a6f9 sp=0x00007f8c2a3fc798 mode 2
Event: 1.386 Thread 0x00007f8c24019c50 Uncommon trap: trap_request=0xffffff45 fr.pc=0x00007f8c1421fbb4 relative=0x00000000000005b4
Event: 1.386 Thread 0x00007f8c24019c50 Uncommon trap: reason=unstable_if action=reinterpret pc=0x00007f8c1421fbb4 method=com.sun.tools.javac.util.Position$LineMapImpl.build([CI)V @ 102 c2
Event: 1.386 Thread 0x00007f8c24019c50 DEOPT PACKING pc=0x00007f8c1421fbb4 sp=0x00007f8c2a3fc7e0
Event: 1.386 Thread 0x00007f8c24019c50 DEOPT UNPACKING pc=0x00007f8c1393a6f9 sp=0x00007f8c2a3fc798 mode 2
Event: 1.386 Thread 0x00007f8c24019c50 DEOPT PACKING pc=0x00007f8c0d5fd16e sp=0x00007f8c2a3fc3a0
Event: 1.386 Thread 0x00007f8c24019c50 DEOPT UNPACKING pc=0x00007f8c13867fef sp=0x00007f8c2a3fb8d0 mode 0

Classes loaded (20 events):
Event: 1.038 Loading class java/util/EnumMap$EnumMapIterator done
Event: 1.038 Loading class java/util/EnumMap$EntryIterator done
Event: 1.038 Loading class java/util/EnumMap$EntryIterator$Entry
Event: 1.038 Loading class java/util/EnumMap$EntryIterator$Entry done
Event: 1.084 Loading class java/io/DataOutputStream
Event: 1.084 Loading class java/io/DataOutputStream done
Event: 1.160 Loading class java/util/stream/ReduceOps$2
Event: 1.160 Loading class java/util/stream/ReduceOps$2 done
Event: 1.160 Loading class java/util/stream/ReduceOps$2ReducingSink
Event: 1.160 Loading class java/util/stream/ReduceOps$2ReducingSink done
Event: 1.166 Loading class java/lang/MatchException
Event: 1.166 Loading class java/lang/MatchException done
Event: 1.352 Loading class java/util/EnumMap$Values
Event: 1.352 Loading class java/util/EnumMap$Values done
Event: 1.352 Loading class java/util/EnumMap$ValueIterator
Event: 1.352 Loading class java/util/EnumMap$ValueIterator done
Event: 1.352 Loading class java/util/WeakHashMap$KeyIterator
Event: 1.352 Loading class java/util/WeakHashMap$HashIterator
Event: 1.352 Loading class java/util/WeakHashMap$HashIterator done
Event: 1.352 Loading class java/util/WeakHashMap$KeyIterator done

Classes unloaded (0 events):
No events

Classes redefined (0 events):
No events

Internal exceptions (20 events):
Event: 0.786 Thread 0x00007f8c24019c50 Exception <a 'java/lang/NoSuchMethodError'{0x000000062ddb0c28}: 'java.lang.Object java.lang.invoke.DirectMethodHandle$Holder.newInvokeSpecial(java.lang.Object, java.lang.Object, java.lang.Object, java.lang.Object, java.lang.Object, java.lang.Object)'> (0x000000062ddb0c28) 
thrown [/usr/src/debug/java-openjdk/jdk25u-jdk-25.0.2-10/src/hotspot/share/interpreter/linkResolver.cpp, line 803]
Event: 0.787 Thread 0x00007f8c24019c50 Exception <a 'java/lang/NoSuchMethodError'{0x000000062dde1ef8}: 'java.lang.Object java.lang.invoke.DirectMethodHandle$Holder.newInvokeSpecial(java.lang.Object, java.lang.Object, java.lang.Object, int)'> (0x000000062dde1ef8) 
thrown [/usr/src/debug/java-openjdk/jdk25u-jdk-25.0.2-10/src/hotspot/share/interpreter/linkResolver.cpp, line 803]
Event: 0.787 Thread 0x00007f8c24019c50 Exception <a 'java/lang/NoSuchMethodError'{0x000000062ddeac00}: 'java.lang.Object java.lang.invoke.Invokers$Holder.linkToTargetMethod(java.lang.Object, java.lang.Object, int, java.lang.Object)'> (0x000000062ddeac00) 
thrown [/usr/src/debug/java-openjdk/jdk25u-jdk-25.0.2-10/src/hotspot/share/interpreter/linkResolver.cpp, line 803]
Event: 0.870 Thread 0x00007f8c24019c50 Exception <a 'java/lang/NoSuchMethodError'{0x0000000611140a28}: 'java.lang.Object java.lang.invoke.DirectMethodHandle$Holder.invokeVirtual(java.lang.Object, java.lang.Object, int)'> (0x0000000611140a28) 
thrown [/usr/src/debug/java-openjdk/jdk25u-jdk-25.0.2-10/src/hotspot/share/interpreter/linkResolver.cpp, line 803]
Event: 0.911 Thread 0x00007f8c24019c50 Exception <a 'java/lang/NoSuchMethodError'{0x000000060f62da20}: 'int java.lang.invoke.DirectMethodHandle$Holder.invokeSpecial(java.lang.Object, java.lang.Object, java.lang.Object, java.lang.Object, java.lang.Object)'> (0x000000060f62da20) 
thrown [/usr/src/debug/java-openjdk/jdk25u-jdk-25.0.2-10/src/hotspot/share/interpreter/linkResolver.cpp, line 803]
Event: 0.923 Thread 0x00007f8c24019c50 Exception <a 'java/lang/NoSuchMethodError'{0x000000060f0829a8}: 'java.lang.Object java.lang.invoke.DirectMethodHandle$Holder.invokeVirtual(java.lang.Object, java.lang.Object, java.lang.Object, int, int)'> (0x000000060f0829a8) 
thrown [/usr/src/debug/java-openjdk/jdk25u-jdk-25.0.2-10/src/hotspot/share/interpreter/linkResolver.cpp, line 803]
Event: 0.956 Thread 0x00007f8c24019c50 Implicit null exception at 0x00007f8c1421595f to 0x00007f8c14215fa8
Event: 0.957 Thread 0x00007f8c24019c50 Implicit null exception at 0x00007f8c1429c985 to 0x00007f8c1429d378
Event: 0.957 Thread 0x00007f8c24019c50 Implicit null exception at 0x00007f8c1422410a to 0x00007f8c14224ac8
Event: 0.957 Thread 0x00007f8c24019c50 Implicit null exception at 0x00007f8c142277f8 to 0x00007f8c14227ebc
Event: 0.999 Thread 0x00007f8c24019c50 Exception <a 'java/lang/NoSuchMethodError'{0x00000006128e5598}: 'int java.lang.invoke.DirectMethodHandle$Holder.invokeStatic(java.lang.Object, int, java.lang.Object)'> (0x00000006128e5598) 
thrown [/usr/src/debug/java-openjdk/jdk25u-jdk-25.0.2-10/src/hotspot/share/interpreter/linkResolver.cpp, line 803]
Event: 0.999 Thread 0x00007f8c24019c50 Exception <a 'java/lang/NoSuchMethodError'{0x0000000612905ff0}: 'java.lang.Object java.lang.invoke.DirectMethodHandle$Holder.newInvokeSpecial(java.lang.Object, java.lang.Object, int, int)'> (0x0000000612905ff0) 
thrown [/usr/src/debug/java-openjdk/jdk25u-jdk-25.0.2-10/src/hotspot/share/interpreter/linkResolver.cpp, line 803]
Event: 1.011 Thread 0x00007f8c24019c50 Exception <a 'java/lang/IncompatibleClassChangeError'{0x0000000612b420c8}: Found class java.lang.Object, but interface was expected> (0x0000000612b420c8) 
thrown [/usr/src/debug/java-openjdk/jdk25u-jdk-25.0.2-10/src/hotspot/share/interpreter/linkResolver.cpp, line 871]
Event: 1.036 Thread 0x00007f8c24019c50 Exception <a 'java/lang/NoSuchMethodError'{0x0000000611c00b20}: 'int java.lang.invoke.DirectMethodHandle$Holder.invokeVirtual(java.lang.Object, java.lang.Object, java.lang.Object, java.lang.Object)'> (0x0000000611c00b20) 
thrown [/usr/src/debug/java-openjdk/jdk25u-jdk-25.0.2-10/src/hotspot/share/interpreter/linkResolver.cpp, line 803]
Event: 1.037 Thread 0x00007f8c24019c50 Exception <a 'java/lang/NoSuchMethodError'{0x0000000611c197b8}: 'java.lang.Object java.lang.invoke.DirectMethodHandle$Holder.newInvokeSpecial(java.lang.Object, java.lang.Object, int, java.lang.Object)'> (0x0000000611c197b8) 
thrown [/usr/src/debug/java-openjdk/jdk25u-jdk-25.0.2-10/src/hotspot/share/interpreter/linkResolver.cpp, line 803]
Event: 1.037 Thread 0x00007f8c24019c50 Exception <a 'java/lang/NoSuchMethodError'{0x0000000611c22580}: 'java.lang.Object java.lang.invoke.Invokers$Holder.linkToTargetMethod(java.lang.Object, int, java.lang.Object, java.lang.Object)'> (0x0000000611c22580) 
thrown [/usr/src/debug/java-openjdk/jdk25u-jdk-25.0.2-10/src/hotspot/share/interpreter/linkResolver.cpp, line 803]
Event: 1.162 Thread 0x00007f8c24019c50 Exception <a 'java/lang/NoSuchMethodError'{0x0000000622ab8e80}: 'java.lang.Object java.lang.invoke.DirectMethodHandle$Holder.newInvokeSpecial(java.lang.Object, java.lang.Object, java.lang.Object, java.lang.Object, java.lang.Object, java.lang.Object, java.lang.Object, java.lang.Object)'> (0x0000000622ab8e80) 
thrown [/usr/src/debug/java-openjdk/jdk25u-jdk-25.0.2-10/src/hotspot/share/interpreter/linkResolver.cpp, line 803]
Event: 1.176 Thread 0x00007f8c24019c50 Implicit null exception at 0x00007f8c1432c2fd to 0x00007f8c1432c6d0
Event: 1.254 Thread 0x00007f8c24019c50 Exception <a 'java/lang/NoSuchMethodError'{0x0000000623d92e38}: 'java.lang.Object java.lang.invoke.DirectMethodHandle$Holder.newInvokeSpecial(java.lang.Object, java.lang.Object, java.lang.Object, java.lang.Object, java.lang.Object, java.lang.Object, java.lang.Object, int)'> (0x0000000623d92e38) 
thrown [/usr/src/debug/java-openjdk/jdk25u-jdk-25.0.2-10/src/hotspot/share/interpreter/linkResolver.cpp, line 803]
Event: 1.385 Thread 0x00007f8c24019c50 Implicit null exception at 0x00007f8c14360533 to 0x00007f8c14361168

VM Operations (20 events):
Event: 1.008 Executing non-safepoint VM operation: HandshakeAllThreads (Deoptimize)
Event: 1.008 Executing non-safepoint VM operation: HandshakeAllThreads (Deoptimize) done
Event: 1.016 Executing non-safepoint VM operation: HandshakeAllThreads (Deoptimize)
Event: 1.016 Executing non-safepoint VM operation: HandshakeAllThreads (Deoptimize) done
Event: 1.023 Executing non-safepoint VM operation: HandshakeAllThreads (Deoptimize)
Event: 1.023 Executing non-safepoint VM operation: HandshakeAllThreads (Deoptimize) done
Event: 1.074 Executing non-safepoint VM operation: HandshakeAllThreads (Deoptimize)
Event: 1.074 Executing non-safepoint VM operation: HandshakeAllThreads (Deoptimize) done
Event: 1.076 Executing non-safepoint VM operation: HandshakeAllThreads (Deoptimize)
Event: 1.076 Executing non-safepoint VM operation: HandshakeAllThreads (Deoptimize) done
Event: 1.091 Executing safepoint VM operation: G1CollectForAllocation (G1 Evacuation Pause)
Event: 1.096 Executing safepoint VM operation: G1CollectForAllocation (G1 Evacuation Pause) done
Event: 1.161 Executing non-safepoint VM operation: HandshakeAllThreads (Deoptimize)
Event: 1.161 Executing non-safepoint VM operation: HandshakeAllThreads (Deoptimize) done
Event: 1.162 Executing non-safepoint VM operation: HandshakeAllThreads (Deoptimize)
Event: 1.162 Executing non-safepoint VM operation: HandshakeAllThreads (Deoptimize) done
Event: 1.228 Executing safepoint VM operation: G1CollectForAllocation (G1 Evacuation Pause)
Event: 1.230 Executing safepoint VM operation: G1CollectForAllocation (G1 Evacuation Pause) done
Event: 1.374 Executing safepoint VM operation: G1CollectForAllocation (G1 Evacuation Pause)
Event: 1.378 Executing safepoint VM operation: G1CollectForAllocation (G1 Evacuation Pause) done

Memory protections (20 events):
Event: 0.021 Protecting memory [0x00007f8bf2300000,0x00007f8bf2304000] with protection modes 0
Event: 0.021 Protecting memory [0x00007f8bf21ff000,0x00007f8bf2203000] with protection modes 0
Event: 0.021 Protecting memory [0x00007f8bf20fe000,0x00007f8bf2102000] with protection modes 0
Event: 0.023 Protecting memory [0x00007f8bf1ffd000,0x00007f8bf2001000] with protection modes 0
Event: 0.026 Protecting memory [0x00007f8bf1efc000,0x00007f8bf1f00000] with protection modes 0
Event: 0.027 Protecting memory [0x00007f8bf1dfb000,0x00007f8bf1dff000] with protection modes 0
Event: 0.028 Protecting memory [0x00007f8bf1cfa000,0x00007f8bf1cfe000] with protection modes 0
Event: 0.043 Protecting memory [0x00007f8bf1bf9000,0x00007f8bf1bfd000] with protection modes 0
Event: 0.058 Protecting memory [0x00007f8bf1af8000,0x00007f8bf1afc000] with protection modes 0
Event: 0.094 Protecting memory [0x00007f8bf1af8000,0x00007f8bf1afc000] with protection modes 0
Event: 0.094 Protecting memory [0x00007f8bf1700000,0x00007f8bf1704000] with protection modes 0
Event: 0.156 Protecting memory [0x00007f8bf15ff000,0x00007f8bf1603000] with protection modes 0
Event: 0.156 Protecting memory [0x00007f8bf14fe000,0x00007f8bf1502000] with protection modes 0
Event: 0.156 Protecting memory [0x00007f8bf13fd000,0x00007f8bf1401000] with protection modes 0
Event: 0.156 Protecting memory [0x00007f8bf12fc000,0x00007f8bf1300000] with protection modes 0
Event: 0.157 Protecting memory [0x00007f8bf11fb000,0x00007f8bf11ff000] with protection modes 0
Event: 0.157 Protecting memory [0x00007f8bf10fa000,0x00007f8bf10fe000] with protection modes 0
Event: 0.389 Protecting memory [0x00007f8bf04ee000,0x00007f8bf04f2000] with protection modes 0
Event: 0.937 Protecting memory [0x00007f8b4bbfd000,0x00007f8b4bc01000] with protection modes 0
Event: 0.939 Protecting memory [0x00007f8b4bafc000,0x00007f8b4bb00000] with protection modes 0

Nmethod flushes (0 events):
No events

Events (20 events):
Event: 0.021 Thread 0x00007f8c24019c50 Thread added: 0x00007f8c24139300
Event: 0.021 Thread 0x00007f8c24019c50 Thread added: 0x00007f8c2413ad00
Event: 0.023 Thread 0x00007f8c2413ad00 Thread added: 0x00007f8bbc01be30
Event: 0.026 Thread 0x00007f8c2413ad00 Thread added: 0x00007f8bbc04ed80
Event: 0.027 Thread 0x00007f8c24019c50 Thread added: 0x00007f8c24173d10
Event: 0.028 Thread 0x00007f8c24019c50 Thread added: 0x00007f8c24176620
Event: 0.043 Thread 0x00007f8c2413ad00 Thread added: 0x00007f8bbc056d90
Event: 0.058 Thread 0x00007f8c24019c50 Thread added: 0x00007f8c24378300
Event: 0.062 Thread 0x00007f8c24378300 Thread exited: 0x00007f8c24378300
Event: 0.094 Thread 0x00007f8bbc04ed80 Thread added: 0x00007f8bb418ce40
Event: 0.094 Thread 0x00007f8bbc01be30 Thread added: 0x00007f8bc00b4bd0
Event: 0.156 Thread 0x00007f8bbc01be30 Thread added: 0x00007f8bc026c3a0
Event: 0.156 Thread 0x00007f8bbc01be30 Thread added: 0x00007f8bc026dc60
Event: 0.156 Thread 0x00007f8bbc01be30 Thread added: 0x00007f8bc026f260
Event: 0.156 Thread 0x00007f8bbc01be30 Thread added: 0x00007f8bc0270860
Event: 0.157 Thread 0x00007f8bbc01be30 Thread added: 0x00007f8bc0272270
Event: 0.157 Thread 0x00007f8bc026c3a0 Thread added: 0x00007f8b9c001d90
Event: 0.389 Thread 0x00007f8c24019c50 Thread added: 0x00007f8c2483cbd0
Event: 0.937 Thread 0x00007f8bbc01be30 Thread added: 0x00007f8bc0666b80
Event: 0.939 Thread 0x00007f8bc0272270 Thread added: 0x00007f8b8c5f2a50


Dynamic libraries:
16000000-16001000 ---p 00000000 00:00 0 
16001000-16d8d000 rw-p 00001000 103:07 5646427                           /usr/lib/jvm/java-25-openjdk/lib/server/classes.jsa
16d8d000-17000000 ---p 00000000 00:00 0 
17000000-17040000 rw-p 00000000 00:00 0 
17040000-171c0000 rw-p 00000000 00:00 0 
171c0000-171f0000 rw-p 00000000 00:00 0 
171f0000-17200000 ---p 00000000 00:00 0 
17200000-17390000 rw-p 00000000 00:00 0 
17390000-57000000 ---p 00000000 00:00 0 
60ec00000-614400000 rw-p 00000000 00:00 0 
614400000-622800000 ---p 00000000 00:00 0 
622800000-624000000 rw-p 00000000 00:00 0 
624000000-62dc00000 ---p 00000000 00:00 0 
62dc00000-62e000000 rw-p 00000000 00:00 0 
62e000000-7fe400000 ---p 00000000 00:00 0 
7fe400000-7ffc00000 rw-p 00000000 00:00 0 
7ffc00000-7ffd21000 rw-p 00dc0000 103:07 5646427                         /usr/lib/jvm/java-25-openjdk/lib/server/classes.jsa
7ffd21000-800000000 rw-p 00000000 00:00 0 
55ed536e1000-55ed536e2000 r--p 00000000 103:07 5646153                   /usr/lib/jvm/java-25-openjdk/bin/java
55ed536e2000-55ed536e3000 r-xp 00001000 103:07 5646153                   /usr/lib/jvm/java-25-openjdk/bin/java
55ed536e3000-55ed536e4000 r--p 00002000 103:07 5646153                   /usr/lib/jvm/java-25-openjdk/bin/java
55ed536e4000-55ed536e5000 r--p 00002000 103:07 5646153                   /usr/lib/jvm/java-25-openjdk/bin/java
55ed536e5000-55ed536e6000 rw-p 00003000 103:07 5646153                   /usr/lib/jvm/java-25-openjdk/bin/java
55ed6c30a000-55ed6c352000 rw-p 00000000 00:00 0                          [heap]
7f8b24000000-7f8b24021000 rw-p 00000000 00:00 0 
7f8b24021000-7f8b28000000 ---p 00000000 00:00 0 
7f8b2c000000-7f8b2c021000 rw-p 00000000 00:00 0 
7f8b2c021000-7f8b30000000 ---p 00000000 00:00 0 
7f8b30000000-7f8b30021000 rw-p 00000000 00:00 0 
7f8b30021000-7f8b34000000 ---p 00000000 00:00 0 
7f8b34000000-7f8b3563c000 rw-p 00000000 00:00 0 
7f8b3563c000-7f8b38000000 ---p 00000000 00:00 0 
7f8b38000000-7f8b3929e000 rw-p 00000000 00:00 0 
7f8b3929e000-7f8b3c000000 ---p 00000000 00:00 0 
7f8b3c000000-7f8b3c021000 rw-p 00000000 00:00 0 
7f8b3c021000-7f8b40000000 ---p 00000000 00:00 0 
7f8b40000000-7f8b40021000 rw-p 00000000 00:00 0 
7f8b40021000-7f8b44000000 ---p 00000000 00:00 0 
7f8b44000000-7f8b44021000 rw-p 00000000 00:00 0 
7f8b44021000-7f8b48000000 ---p 00000000 00:00 0 
7f8b4b7f8000-7f8b4bafc000 rw-p 00000000 00:00 0 
7f8b4bafc000-7f8b4bb00000 ---p 00000000 00:00 0 
7f8b4bb00000-7f8b4bbfd000 rw-p 00000000 00:00 0 
7f8b4bbfd000-7f8b4bc01000 ---p 00000000 00:00 0 
7f8b4bc01000-7f8b4c000000 rw-p 00000000 00:00 0 
7f8b4c000000-7f8b4c021000 rw-p 00000000 00:00 0 
7f8b4c021000-7f8b50000000 ---p 00000000 00:00 0 
7f8b50000000-7f8b50021000 rw-p 00000000 00:00 0 
7f8b50021000-7f8b54000000 ---p 00000000 00:00 0 
7f8b54000000-7f8b54021000 rw-p 00000000 00:00 0 
7f8b54021000-7f8b58000000 ---p 00000000 00:00 0 
7f8b58000000-7f8b58021000 rw-p 00000000 00:00 0 
7f8b58021000-7f8b5c000000 ---p 00000000 00:00 0 
7f8b5c000000-7f8b5c021000 rw-p 00000000 00:00 0 
7f8b5c021000-7f8b60000000 ---p 00000000 00:00 0 
7f8b60000000-7f8b60021000 rw-p 00000000 00:00 0 
7f8b60021000-7f8b64000000 ---p 00000000 00:00 0 
7f8b64000000-7f8b6402c000 rw-p 00000000 00:00 0 
7f8b6402c000-7f8b68000000 ---p 00000000 00:00 0 
7f8b68000000-7f8b68021000 rw-p 00000000 00:00 0 
7f8b68021000-7f8b6c000000 ---p 00000000 00:00 0 
7f8b6c000000-7f8b6c021000 rw-p 00000000 00:00 0 
7f8b6c021000-7f8b70000000 ---p 00000000 00:00 0 
7f8b70000000-7f8b70021000 rw-p 00000000 00:00 0 
7f8b70021000-7f8b74000000 ---p 00000000 00:00 0 
7f8b74000000-7f8b74021000 rw-p 00000000 00:00 0 
7f8b74021000-7f8b78000000 ---p 00000000 00:00 0 
7f8b78000000-7f8b78021000 rw-p 00000000 00:00 0 
7f8b78021000-7f8b7c000000 ---p 00000000 00:00 0 
7f8b7c000000-7f8b7c021000 rw-p 00000000 00:00 0 
7f8b7c021000-7f8b80000000 ---p 00000000 00:00 0 
7f8b80000000-7f8b80021000 rw-p 00000000 00:00 0 
7f8b80021000-7f8b84000000 ---p 00000000 00:00 0 
7f8b84000000-7f8b84021000 rw-p 00000000 00:00 0 
7f8b84021000-7f8b88000000 ---p 00000000 00:00 0 
7f8b88000000-7f8b88021000 rw-p 00000000 00:00 0 
7f8b88021000-7f8b8c000000 ---p 00000000 00:00 0 
7f8b8c000000-7f8b8d9ad000 rw-p 00000000 00:00 0 
7f8b8d9ad000-7f8b90000000 ---p 00000000 00:00 0 
7f8b90000000-7f8b9217d000 rw-p 00000000 00:00 0 
7f8b9217d000-7f8b94000000 ---p 00000000 00:00 0 
7f8b94000000-7f8b95cdc000 rw-p 00000000 00:00 0 
7f8b95cdc000-7f8b98000000 ---p 00000000 00:00 0 
7f8b98000000-7f8b9a0e8000 rw-p 00000000 00:00 0 
7f8b9a0e8000-7f8b9c000000 ---p 00000000 00:00 0 
7f8b9c000000-7f8b9db01000 rw-p 00000000 00:00 0 
7f8b9db01000-7f8ba0000000 ---p 00000000 00:00 0 
7f8ba0000000-7f8ba1810000 rw-p 00000000 00:00 0 
7f8ba1810000-7f8ba4000000 ---p 00000000 00:00 0 
7f8ba4000000-7f8ba4819000 rw-p 00000000 00:00 0 
7f8ba4819000-7f8ba8000000 ---p 00000000 00:00 0 
7f8ba8000000-7f8ba852f000 rw-p 00000000 00:00 0 
7f8ba852f000-7f8bac000000 ---p 00000000 00:00 0 
7f8bac000000-7f8bac021000 rw-p 00000000 00:00 0 
7f8bac021000-7f8bb0000000 ---p 00000000 00:00 0 
7f8bb0000000-7f8bb1d75000 rw-p 00000000 00:00 0 
7f8bb1d75000-7f8bb4000000 ---p 00000000 00:00 0 
7f8bb4000000-7f8bb4741000 rw-p 00000000 00:00 0 
7f8bb4741000-7f8bb8000000 ---p 00000000 00:00 0 
7f8bb8000000-7f8bb8021000 rw-p 00000000 00:00 0 
7f8bb8021000-7f8bbc000000 ---p 00000000 00:00 0 
7f8bbc000000-7f8bbc7af000 rw-p 00000000 00:00 0 
7f8bbc7af000-7f8bc0000000 ---p 00000000 00:00 0 
7f8bc0000000-7f8bc07ff000 rw-p 00000000 00:00 0 
7f8bc07ff000-7f8bc4000000 ---p 00000000 00:00 0 
7f8bc4000000-7f8bc4021000 rw-p 00000000 00:00 0 
7f8bc4021000-7f8bc8000000 ---p 00000000 00:00 0 
7f8bc8000000-7f8bca03e000 rw-p 00000000 00:00 0 
7f8bca03e000-7f8bcc000000 ---p 00000000 00:00 0 
7f8bcc000000-7f8bcc400000 rw-p 00000000 00:00 0 
7f8bcc400000-7f8bccfe0000 rw-p 00000000 00:00 0 
7f8bccfe0000-7f8bcd000000 rw-p 00000000 00:00 0 
7f8bcd000000-7f8bcd180000 rw-p 00000000 00:00 0 
7f8bcd180000-7f8bcd200000 rw-p 00000000 00:00 0 
7f8bcd200000-7f8bcd900000 rw-p 00000000 00:00 0 
7f8bcd900000-7f8bcd930000 rw-p 00000000 00:00 0 
7f8bcd930000-7f8bcda00000 ---p 00000000 00:00 0 
7f8bcda00000-7f8bcdae0000 rw-p 00000000 00:00 0 
7f8bcdae0000-7f8bd0000000 ---p 00000000 00:00 0 
7f8bd0000000-7f8bd0021000 rw-p 00000000 00:00 0 
7f8bd0021000-7f8bd4000000 ---p 00000000 00:00 0 
7f8bd4000000-7f8bd4021000 rw-p 00000000 00:00 0 
7f8bd4021000-7f8bd8000000 ---p 00000000 00:00 0 
7f8bd8000000-7f8bd8021000 rw-p 00000000 00:00 0 
7f8bd8021000-7f8bdc000000 ---p 00000000 00:00 0 
7f8bdc000000-7f8bdc021000 rw-p 00000000 00:00 0 
7f8bdc021000-7f8be0000000 ---p 00000000 00:00 0 
7f8be0000000-7f8be0021000 rw-p 00000000 00:00 0 
7f8be0021000-7f8be4000000 ---p 00000000 00:00 0 
7f8be4000000-7f8be4021000 rw-p 00000000 00:00 0 
7f8be4021000-7f8be8000000 ---p 00000000 00:00 0 
7f8be8000000-7f8be802c000 rw-p 00000000 00:00 0 
7f8be802c000-7f8bec000000 ---p 00000000 00:00 0 
7f8bec000000-7f8bec021000 rw-p 00000000 00:00 0 
7f8bec021000-7f8bf0000000 ---p 00000000 00:00 0 
7f8bf00e9000-7f8bf04ee000 rw-p 00000000 00:00 0 
7f8bf04ee000-7f8bf04f2000 ---p 00000000 00:00 0 
7f8bf04f2000-7f8bf10fa000 rw-p 00000000 00:00 0 
7f8bf10fa000-7f8bf10fe000 ---p 00000000 00:00 0 
7f8bf10fe000-7f8bf11fb000 rw-p 00000000 00:00 0 
7f8bf11fb000-7f8bf11ff000 ---p 00000000 00:00 0 
7f8bf11ff000-7f8bf12fc000 rw-p 00000000 00:00 0 
7f8bf12fc000-7f8bf1300000 ---p 00000000 00:00 0 
7f8bf1300000-7f8bf13fd000 rw-p 00000000 00:00 0 
7f8bf13fd000-7f8bf1401000 ---p 00000000 00:00 0 
7f8bf1401000-7f8bf14fe000 rw-p 00000000 00:00 0 
7f8bf14fe000-7f8bf1502000 ---p 00000000 00:00 0 
7f8bf1502000-7f8bf15ff000 rw-p 00000000 00:00 0 
7f8bf15ff000-7f8bf1603000 ---p 00000000 00:00 0 
7f8bf1603000-7f8bf1700000 rw-p 00000000 00:00 0 
7f8bf1700000-7f8bf1704000 ---p 00000000 00:00 0 
7f8bf1704000-7f8bf1800000 rw-p 00000000 00:00 0 
7f8bf1800000-7f8bf1803000 r-xp 00000000 00:2b 1987                       /tmp/jansi-2.4.2-e930ac8a9bebd882-libjansi.so
7f8bf1803000-7f8bf1a02000 ---p 00003000 00:2b 1987                       /tmp/jansi-2.4.2-e930ac8a9bebd882-libjansi.so
7f8bf1a02000-7f8bf1a03000 r--p 00002000 00:2b 1987                       /tmp/jansi-2.4.2-e930ac8a9bebd882-libjansi.so
7f8bf1a03000-7f8bf1a04000 rw-p 00003000 00:2b 1987                       /tmp/jansi-2.4.2-e930ac8a9bebd882-libjansi.so
7f8bf1af7000-7f8bf1af8000 rw-p 00000000 00:00 0 
7f8bf1af8000-7f8bf1afc000 ---p 00000000 00:00 0 
7f8bf1afc000-7f8bf1bf9000 rw-p 00000000 00:00 0 
7f8bf1bf9000-7f8bf1bfd000 ---p 00000000 00:00 0 
7f8bf1bfd000-7f8bf1cfa000 rw-p 00000000 00:00 0 
7f8bf1cfa000-7f8bf1cfe000 ---p 00000000 00:00 0 
7f8bf1cfe000-7f8bf1dfb000 rw-p 00000000 00:00 0 
7f8bf1dfb000-7f8bf1dff000 ---p 00000000 00:00 0 
7f8bf1dff000-7f8bf1efc000 rw-p 00000000 00:00 0 
7f8bf1efc000-7f8bf1f00000 ---p 00000000 00:00 0 
7f8bf1f00000-7f8bf1ffd000 rw-p 00000000 00:00 0 
7f8bf1ffd000-7f8bf2001000 ---p 00000000 00:00 0 
7f8bf2001000-7f8bf20fe000 rw-p 00000000 00:00 0 
7f8bf20fe000-7f8bf2102000 ---p 00000000 00:00 0 
7f8bf2102000-7f8bf21ff000 rw-p 00000000 00:00 0 
7f8bf21ff000-7f8bf2203000 ---p 00000000 00:00 0 
7f8bf2203000-7f8bf2300000 rw-p 00000000 00:00 0 
7f8bf2300000-7f8bf2304000 ---p 00000000 00:00 0 
7f8bf2304000-7f8bf2400000 rw-p 00000000 00:00 0 
7f8bf2400000-7f8bf2965000 r--p 00000000 103:07 5271870                   /usr/lib/locale/locale-archive
7f8bf29ea000-7f8bf29eb000 rw-p 00000000 00:00 0 
7f8bf29eb000-7f8bf29ef000 ---p 00000000 00:00 0 
7f8bf29ef000-7f8bf2aec000 rw-p 00000000 00:00 0 
7f8bf2aec000-7f8bf2af0000 ---p 00000000 00:00 0 
7f8bf2af0000-7f8bf2bed000 rw-p 00000000 00:00 0 
7f8bf2bed000-7f8bf2bf1000 ---p 00000000 00:00 0 
7f8bf2bf1000-7f8bf2def000 rw-p 00000000 00:00 0 
7f8bf2def000-7f8bf2df3000 ---p 00000000 00:00 0 
7f8bf2df3000-7f8bf31f2000 rw-p 00000000 00:00 0 
7f8bf31f2000-7f8bf4021000 rw-p 00000000 00:00 0 
7f8bf4021000-7f8bf8000000 ---p 00000000 00:00 0 
7f8bf8000000-7f8bf8021000 rw-p 00000000 00:00 0 
7f8bf8021000-7f8bfc000000 ---p 00000000 00:00 0 
7f8bfc000000-7f8bfc021000 rw-p 00000000 00:00 0 
7f8bfc021000-7f8c00000000 ---p 00000000 00:00 0 
7f8c000f9000-7f8c02800000 rw-p 00000000 00:00 0 
7f8c0289c000-7f8c029fc000 rw-p 00000000 00:00 0 
7f8c029fc000-7f8c02d8c000 ---p 00000000 00:00 0 
7f8c02d8c000-7f8c02dec000 rw-p 00000000 00:00 0 
7f8c02dec000-7f8c0305c000 ---p 00000000 00:00 0 
7f8c0305c000-7f8c0306c000 rw-p 00000000 00:00 0 
7f8c0306c000-7f8c0a47c000 ---p 00000000 00:00 0 
7f8c0a47c000-7f8c0a518000 rw-p 00000000 00:00 0 
7f8c0a518000-7f8c0a58a000 ---p 00000000 00:00 0 
7f8c0a58a000-7f8c0a596000 rw-p 00000000 00:00 0 
7f8c0a596000-7f8c0a5e4000 ---p 00000000 00:00 0 
7f8c0a5e4000-7f8c0a5e6000 rw-p 00000000 00:00 0 
7f8c0a5e6000-7f8c0b468000 ---p 00000000 00:00 0 
7f8c0b468000-7f8c0b4a2000 rw-p 00000000 00:00 0 
7f8c0b4a2000-7f8c0b514000 ---p 00000000 00:00 0 
7f8c0b514000-7f8c0b520000 rw-p 00000000 00:00 0 
7f8c0b520000-7f8c0b56e000 ---p 00000000 00:00 0 
7f8c0b56e000-7f8c0b570000 rw-p 00000000 00:00 0 
7f8c0b570000-7f8c0c3f2000 ---p 00000000 00:00 0 
7f8c0c3f2000-7f8c0c400000 rw-p 00000000 00:00 0 
7f8c0c400000-7f8c0d640000 rwxp 00000000 00:00 0 
7f8c0d640000-7f8c13817000 ---p 00000000 00:00 0 
7f8c13817000-7f8c13c27000 rwxp 00000000 00:00 0 
7f8c13c27000-7f8c13fe7000 ---p 00000000 00:00 0 
7f8c13fe7000-7f8c144c7000 rwxp 00000000 00:00 0 
7f8c144c7000-7f8c1b400000 ---p 00000000 00:00 0 
7f8c1b400000-7f8c23fde000 r--s 00000000 103:07 5646419                   /usr/lib/jvm/java-25-openjdk/lib/modules
7f8c24000000-7f8c25619000 rw-p 00000000 00:00 0 
7f8c25619000-7f8c28000000 ---p 00000000 00:00 0 
7f8c28012000-7f8c28013000 r--p 00000000 103:07 5646414                   /usr/lib/jvm/java-25-openjdk/lib/libsimdsort.so
7f8c28013000-7f8c2804e000 r-xp 00001000 103:07 5646414                   /usr/lib/jvm/java-25-openjdk/lib/libsimdsort.so
7f8c2804e000-7f8c28054000 r--p 0003c000 103:07 5646414                   /usr/lib/jvm/java-25-openjdk/lib/libsimdsort.so
7f8c28054000-7f8c28055000 r--p 00041000 103:07 5646414                   /usr/lib/jvm/java-25-openjdk/lib/libsimdsort.so
7f8c28055000-7f8c28056000 rw-p 00042000 103:07 5646414                   /usr/lib/jvm/java-25-openjdk/lib/libsimdsort.so
7f8c28056000-7f8c282d9000 rw-p 00000000 00:00 0 
7f8c282d9000-7f8c285dc000 rw-p 00000000 00:00 0 
7f8c285dc000-7f8c29e38000 rw-p 00000000 00:00 0 
7f8c29e38000-7f8c29f17000 ---p 00000000 00:00 0 
7f8c29f17000-7f8c29f3c000 rw-p 00000000 00:00 0 
7f8c29f3c000-7f8c2a000000 ---p 00000000 00:00 0 
7f8c2a000000-7f8c2a094000 r--p 00000000 103:07 5271875                   /usr/lib/libstdc++.so.6.0.34
7f8c2a094000-7f8c2a234000 r-xp 00094000 103:07 5271875                   /usr/lib/libstdc++.so.6.0.34
7f8c2a234000-7f8c2a2ca000 r--p 00234000 103:07 5271875                   /usr/lib/libstdc++.so.6.0.34
7f8c2a2ca000-7f8c2a2da000 r--p 002ca000 103:07 5271875                   /usr/lib/libstdc++.so.6.0.34
7f8c2a2da000-7f8c2a2db000 rw-p 002da000 103:07 5271875                   /usr/lib/libstdc++.so.6.0.34
7f8c2a2db000-7f8c2a2df000 rw-p 00000000 00:00 0 
7f8c2a2f9000-7f8c2a300000 r--s 00000000 103:07 5271871                   /usr/lib/gconv/gconv-modules.cache
7f8c2a300000-7f8c2a304000 ---p 00000000 00:00 0 
7f8c2a304000-7f8c2a400000 rw-p 00000000 00:00 0 
7f8c2a400000-7f8c2a40e000 r--p 00000000 103:07 5646432                   /usr/lib/jvm/java-25-openjdk/lib/server/libjvm.so
7f8c2a40e000-7f8c2b3ab000 r-xp 0000e000 103:07 5646432                   /usr/lib/jvm/java-25-openjdk/lib/server/libjvm.so
7f8c2b3ab000-7f8c2b5c6000 r--p 00fab000 103:07 5646432                   /usr/lib/jvm/java-25-openjdk/lib/server/libjvm.so
7f8c2b5c6000-7f8c2b6ac000 r--p 011c5000 103:07 5646432                   /usr/lib/jvm/java-25-openjdk/lib/server/libjvm.so
7f8c2b6ac000-7f8c2b6d1000 rw-p 012ab000 103:07 5646432                   /usr/lib/jvm/java-25-openjdk/lib/server/libjvm.so
7f8c2b6d1000-7f8c2b74d000 rw-p 00000000 00:00 0 
7f8c2b74e000-7f8c2b750000 r--p 00000000 103:07 5646417                   /usr/lib/jvm/java-25-openjdk/lib/libverify.so
7f8c2b750000-7f8c2b75a000 r-xp 00002000 103:07 5646417                   /usr/lib/jvm/java-25-openjdk/lib/libverify.so
7f8c2b75a000-7f8c2b75c000 r--p 0000c000 103:07 5646417                   /usr/lib/jvm/java-25-openjdk/lib/libverify.so
7f8c2b75c000-7f8c2b75e000 r--p 0000d000 103:07 5646417                   /usr/lib/jvm/java-25-openjdk/lib/libverify.so
7f8c2b75e000-7f8c2b75f000 rw-p 0000f000 103:07 5646417                   /usr/lib/jvm/java-25-openjdk/lib/libverify.so
7f8c2b75f000-7f8c2b760000 r--p 00000000 103:07 5246362                   /usr/lib/libutil.so.1
7f8c2b760000-7f8c2b761000 r-xp 00001000 103:07 5246362                   /usr/lib/libutil.so.1
7f8c2b761000-7f8c2b762000 r--p 00002000 103:07 5246362                   /usr/lib/libutil.so.1
7f8c2b762000-7f8c2b763000 r--p 00002000 103:07 5246362                   /usr/lib/libutil.so.1
7f8c2b763000-7f8c2b764000 rw-p 00003000 103:07 5246362                   /usr/lib/libutil.so.1
7f8c2b764000-7f8c2b800000 rw-p 00000000 00:00 0 
7f8c2b800000-7f8c2b824000 r--p 00000000 103:07 5246316                   /usr/lib/libc.so.6
7f8c2b824000-7f8c2b9ba000 r-xp 00024000 103:07 5246316                   /usr/lib/libc.so.6
7f8c2b9ba000-7f8c2ba0b000 r--p 001ba000 103:07 5246316                   /usr/lib/libc.so.6
7f8c2ba0b000-7f8c2ba0f000 r--p 0020b000 103:07 5246316                   /usr/lib/libc.so.6
7f8c2ba0f000-7f8c2ba11000 rw-p 0020f000 103:07 5246316                   /usr/lib/libc.so.6
7f8c2ba11000-7f8c2ba19000 rw-p 00000000 00:00 0 
7f8c2ba1c000-7f8c2ba1e000 r--p 00000000 103:07 5646418                   /usr/lib/jvm/java-25-openjdk/lib/libzip.so
7f8c2ba1e000-7f8c2ba2b000 r-xp 00002000 103:07 5646418                   /usr/lib/jvm/java-25-openjdk/lib/libzip.so
7f8c2ba2b000-7f8c2ba31000 r--p 0000f000 103:07 5646418                   /usr/lib/jvm/java-25-openjdk/lib/libzip.so
7f8c2ba31000-7f8c2ba32000 r--p 00014000 103:07 5646418                   /usr/lib/jvm/java-25-openjdk/lib/libzip.so
7f8c2ba32000-7f8c2ba33000 rw-p 00015000 103:07 5646418                   /usr/lib/jvm/java-25-openjdk/lib/libzip.so
7f8c2ba33000-7f8c2ba3a000 r--p 00000000 103:07 5646409                   /usr/lib/jvm/java-25-openjdk/lib/libnio.so
7f8c2ba3a000-7f8c2ba43000 r-xp 00007000 103:07 5646409                   /usr/lib/jvm/java-25-openjdk/lib/libnio.so
7f8c2ba43000-7f8c2ba48000 r--p 00010000 103:07 5646409                   /usr/lib/jvm/java-25-openjdk/lib/libnio.so
7f8c2ba48000-7f8c2ba49000 r--p 00014000 103:07 5646409                   /usr/lib/jvm/java-25-openjdk/lib/libnio.so
7f8c2ba49000-7f8c2ba4a000 rw-p 00015000 103:07 5646409                   /usr/lib/jvm/java-25-openjdk/lib/libnio.so
7f8c2ba4a000-7f8c2bac8000 rw-p 00000000 00:00 0 
7f8c2bac8000-7f8c2bad2000 r--p 00000000 103:07 5646394                   /usr/lib/jvm/java-25-openjdk/lib/libjava.so
7f8c2bad2000-7f8c2bae1000 r-xp 0000a000 103:07 5646394                   /usr/lib/jvm/java-25-openjdk/lib/libjava.so
7f8c2bae1000-7f8c2bae6000 r--p 00019000 103:07 5646394                   /usr/lib/jvm/java-25-openjdk/lib/libjava.so
7f8c2bae6000-7f8c2bae7000 r--p 0001e000 103:07 5646394                   /usr/lib/jvm/java-25-openjdk/lib/libjava.so
7f8c2bae7000-7f8c2bae8000 rw-p 0001f000 103:07 5646394                   /usr/lib/jvm/java-25-openjdk/lib/libjava.so
7f8c2bae8000-7f8c2bae9000 rw-p 00000000 00:00 0 
7f8c2bae9000-7f8c2baed000 r--p 00000000 103:07 5271873                   /usr/lib/libgcc_s.so.1
7f8c2baed000-7f8c2bb18000 r-xp 00004000 103:07 5271873                   /usr/lib/libgcc_s.so.1
7f8c2bb18000-7f8c2bb1c000 r--p 0002f000 103:07 5271873                   /usr/lib/libgcc_s.so.1
7f8c2bb1c000-7f8c2bb1d000 r--p 00033000 103:07 5271873                   /usr/lib/libgcc_s.so.1
7f8c2bb1d000-7f8c2bb1e000 rw-p 00034000 103:07 5271873                   /usr/lib/libgcc_s.so.1
7f8c2bb1e000-7f8c2bb2e000 r--p 00000000 103:07 5246328                   /usr/lib/libm.so.6
7f8c2bb2e000-7f8c2bbc0000 r-xp 00010000 103:07 5246328                   /usr/lib/libm.so.6
7f8c2bbc0000-7f8c2bc0f000 r--p 000a2000 103:07 5246328                   /usr/lib/libm.so.6
7f8c2bc0f000-7f8c2bc10000 r--p 000f0000 103:07 5246328                   /usr/lib/libm.so.6
7f8c2bc10000-7f8c2bc11000 rw-p 000f1000 103:07 5246328                   /usr/lib/libm.so.6
7f8c2bc11000-7f8c2bc14000 rw-p 00000000 00:00 0 
7f8c2bc16000-7f8c2bc19000 r--p 00000000 103:07 5646408                   /usr/lib/jvm/java-25-openjdk/lib/libnet.so
7f8c2bc19000-7f8c2bc20000 r-xp 00003000 103:07 5646408                   /usr/lib/jvm/java-25-openjdk/lib/libnet.so
7f8c2bc20000-7f8c2bc22000 r--p 0000a000 103:07 5646408                   /usr/lib/jvm/java-25-openjdk/lib/libnet.so
7f8c2bc22000-7f8c2bc23000 r--p 0000b000 103:07 5646408                   /usr/lib/jvm/java-25-openjdk/lib/libnet.so
7f8c2bc23000-7f8c2bc24000 rw-p 0000c000 103:07 5646408                   /usr/lib/jvm/java-25-openjdk/lib/libnet.so
7f8c2bc24000-7f8c2bc2d000 rw-p 00000000 00:00 0 
7f8c2bc2d000-7f8c2bc34000 ---p 00000000 00:00 0 
7f8c2bc34000-7f8c2bc3c000 rw-s 00000000 00:2b 1985                       /tmp/hsperfdata_wxrl/84872
7f8c2bc3c000-7f8c2bc3d000 ---p 00000000 00:00 0 
7f8c2bc3d000-7f8c2bc3e000 r--p 00000000 00:00 0 
7f8c2bc3e000-7f8c2bc3f000 ---p 00000000 00:00 0 
7f8c2bc3f000-7f8c2bc40000 r--p 00000000 103:07 5646398                   /usr/lib/jvm/java-25-openjdk/lib/libjimage.so
7f8c2bc40000-7f8c2bc42000 r-xp 00001000 103:07 5646398                   /usr/lib/jvm/java-25-openjdk/lib/libjimage.so
7f8c2bc42000-7f8c2bc43000 r--p 00003000 103:07 5646398                   /usr/lib/jvm/java-25-openjdk/lib/libjimage.so
7f8c2bc43000-7f8c2bc44000 r--p 00003000 103:07 5646398                   /usr/lib/jvm/java-25-openjdk/lib/libjimage.so
7f8c2bc44000-7f8c2bc45000 rw-p 00004000 103:07 5646398                   /usr/lib/jvm/java-25-openjdk/lib/libjimage.so
7f8c2bc45000-7f8c2bc47000 r--p 00000000 103:07 5646399                   /usr/lib/jvm/java-25-openjdk/lib/libjli.so
7f8c2bc47000-7f8c2bc57000 r-xp 00002000 103:07 5646399                   /usr/lib/jvm/java-25-openjdk/lib/libjli.so
7f8c2bc57000-7f8c2bc5d000 r--p 00012000 103:07 5646399                   /usr/lib/jvm/java-25-openjdk/lib/libjli.so
7f8c2bc5d000-7f8c2bc5e000 r--p 00017000 103:07 5646399                   /usr/lib/jvm/java-25-openjdk/lib/libjli.so
7f8c2bc5e000-7f8c2bc5f000 rw-p 00018000 103:07 5646399                   /usr/lib/jvm/java-25-openjdk/lib/libjli.so
7f8c2bc5f000-7f8c2bc61000 rw-p 00000000 00:00 0 
7f8c2bc61000-7f8c2bc65000 r--p 00000000 00:00 0                          [vvar]
7f8c2bc65000-7f8c2bc67000 r--p 00000000 00:00 0                          [vvar_vclock]
7f8c2bc67000-7f8c2bc69000 r-xp 00000000 00:00 0                          [vdso]
7f8c2bc69000-7f8c2bc6a000 r--p 00000000 103:07 5246305                   /usr/lib/ld-linux-x86-64.so.2
7f8c2bc6a000-7f8c2bc97000 r-xp 00001000 103:07 5246305                   /usr/lib/ld-linux-x86-64.so.2
7f8c2bc97000-7f8c2bca3000 r--p 0002e000 103:07 5246305                   /usr/lib/ld-linux-x86-64.so.2
7f8c2bca3000-7f8c2bca5000 r--p 00039000 103:07 5246305                   /usr/lib/ld-linux-x86-64.so.2
7f8c2bca5000-7f8c2bca6000 rw-p 0003b000 103:07 5246305                   /usr/lib/ld-linux-x86-64.so.2
7f8c2bca6000-7f8c2bca7000 rw-p 00000000 00:00 0 
7ffdb15df000-7ffdb1600000 rw-p 00000000 00:00 0                          [stack]
ffffffffff600000-ffffffffff601000 --xp 00000000 00:00 0                  [vsyscall]
Total number of mappings: 324

JVMTI agents: none


VM Arguments:
jvm_args: --enable-native-access=ALL-UNNAMED -Dclassworlds.conf=/usr/share/java/maven/bin/m2.conf -Dmaven.home=/usr/share/java/maven -Dlibrary.jansi.path=/usr/share/java/maven/lib/jansi-native -Dmaven.multiModuleProjectDirectory=/home/wxrl/rotdb 
java_command: org.codehaus.plexus.classworlds.launcher.Launcher spring-boot:run
java_class_path (initial): /usr/share/java/maven/boot/plexus-classworlds-2.9.0.jar
Launcher Type: SUN_STANDARD

[Global flags]
     intx CICompilerCount                          = 15                                        {product} {ergonomic}
     uint ConcGCThreads                            = 6                                         {product} {ergonomic}
     uint G1ConcRefinementThreads                  = 23                                        {product} {ergonomic}
   size_t G1HeapRegionSize                         = 4194304                                   {product} {ergonomic}
   size_t InitialHeapSize                          = 524288000                                 {product} {ergonomic}
   size_t MarkStackSize                            = 4194304                                   {product} {ergonomic}
   size_t MarkStackSizeMax                         = 536870912                                 {product} {ergonomic}
   size_t MaxHeapSize                              = 8342470656                                {product} {ergonomic}
   size_t MaxNewSize                               = 5003804672                                {product} {ergonomic}
   size_t MinHeapDeltaBytes                        = 4194304                                   {product} {ergonomic}
   size_t MinHeapSize                              = 8388608                                   {product} {ergonomic}
    uintx NonNMethodCodeHeapSize                   = 8192000                                {pd product} {ergonomic}
    uintx NonProfiledCodeHeapSize                  = 121737216                              {pd product} {ergonomic}
    uintx ProfiledCodeHeapSize                     = 121729024                              {pd product} {ergonomic}
    uintx ReservedCodeCacheSize                    = 251658240                              {pd product} {ergonomic}
     bool SegmentedCodeCache                       = true                                      {product} {ergonomic}
   size_t SoftMaxHeapSize                          = 8342470656                             {manageable} {ergonomic}
     bool UseCompressedOops                        = true                           {product lp64_product} {ergonomic}
     bool UseG1GC                                  = true                                      {product} {ergonomic}

Logging:
Log output configuration:
 #0: stdout all=warning uptime,level,tags foldmultilines=false
 #1: stderr all=off uptime,level,tags foldmultilines=false

Release file:
IMPLEMENTOR="Arch Linux"
JAVA_RUNTIME_VERSION="25.0.2"
JAVA_VERSION="25.0.2"
JAVA_VERSION_DATE="2026-01-20"
LIBC="gnu"
MODULES="java.base java.compiler java.datatransfer java.xml java.prefs java.desktop java.instrument java.logging java.management java.security.sasl java.naming java.rmi java.management.rmi java.net.http java.scripting java.security.jgss java.transaction.xa java.sql java.sql.rowset java.xml.crypto java.se java.smartcardio jdk.accessibility jdk.internal.jvmstat jdk.attach jdk.charsets jdk.internal.opt jdk.zipfs jdk.compiler jdk.crypto.cryptoki jdk.crypto.ec jdk.dynalink jdk.internal.ed jdk.editpad jdk.internal.vm.ci jdk.graal.compiler jdk.graal.compiler.management jdk.hotspot.agent jdk.httpserver jdk.incubator.vector jdk.internal.le jdk.internal.md jdk.jartool jdk.javadoc jdk.jcmd jdk.management jdk.management.agent jdk.jconsole jdk.jdeps jdk.jdwp.agent jdk.jdi jdk.jfr jdk.jlink jdk.jpackage jdk.jshell jdk.jsobject jdk.jstatd jdk.localedata jdk.management.jfr jdk.naming.dns jdk.naming.rmi jdk.net jdk.nio.mapmode jdk.sctp jdk.security.auth jdk.security.jgss jdk.unsupported jdk.unsupported.desktop jdk.xml.dom"
OS_ARCH="x86_64"
OS_NAME="Linux"
SOURCE=""

Environment Variables:
PATH=/home/wxrl/go/bin:/home/wxrl/go/bin:/home/wxrl/.local/bin:/usr/local/sbin:/usr/local/bin:/usr/bin:/var/lib/flatpak/exports/bin:/usr/lib/jvm/default/bin:/usr/bin/site_perl:/usr/bin/vendor_perl:/usr/bin/core_perl
SHELL=/bin/fish
DISPLAY=:0
LANG=en_CA.UTF-8
LC_NUMERIC=en_CA.UTF-8
LC_TIME=en_CA.UTF-8
TERM=xterm-256color

Active Locale:
LC_ALL=en_CA.UTF-8
LC_COLLATE=en_CA.UTF-8
LC_CTYPE=en_CA.UTF-8
LC_MESSAGES=en_CA.UTF-8
LC_MONETARY=en_CA.UTF-8
LC_NUMERIC=en_CA.UTF-8
LC_TIME=en_CA.UTF-8

Signal Handlers:
   SIGSEGV: 0x00007f8c2b2d6330 in libjvm.so+15557424, mask=11100100010111111101111111111110, flags=SA_RESTART|SA_SIGINFO, unblocked
    SIGBUS: 0x00007f8c2b2d6330 in libjvm.so+15557424, mask=11100100010111111101111111111110, flags=SA_RESTART|SA_SIGINFO, unblocked
    SIGFPE: 0x00007f8c2b2d6330 in libjvm.so+15557424, mask=11100100010111111101111111111110, flags=SA_RESTART|SA_SIGINFO, unblocked
   SIGPIPE: 0x00007f8c2b157930 in libjvm.so+13990192, mask=11100100010111111101111111111110, flags=SA_RESTART|SA_SIGINFO, blocked
   SIGXFSZ: 0x00007f8c2b157930 in libjvm.so+13990192, mask=11100100010111111101111111111110, flags=SA_RESTART|SA_SIGINFO, blocked
    SIGILL: 0x00007f8c2b2d6330 in libjvm.so+15557424, mask=11100100010111111101111111111110, flags=SA_RESTART|SA_SIGINFO, unblocked
   SIGUSR2: 0x00007f8c2b15a9a0 in libjvm.so+14002592, mask=00000000000000000000000000000000, flags=SA_RESTART|SA_SIGINFO, blocked
    SIGHUP: 0x00007f8c2b141fe0 in libjvm.so+13901792, mask=11100100010111111101111111111110, flags=SA_RESTART|SA_SIGINFO, blocked
    SIGINT: 0x00007f8c2b141fe0 in libjvm.so+13901792, mask=11100100010111111101111111111110, flags=SA_RESTART|SA_SIGINFO, blocked
   SIGTERM: 0x00007f8c2b141fe0 in libjvm.so+13901792, mask=11100100010111111101111111111110, flags=SA_RESTART|SA_SIGINFO, blocked
   SIGQUIT: 0x00007f8c2b141fe0 in libjvm.so+13901792, mask=11100100010111111101111111111110, flags=SA_RESTART|SA_SIGINFO, blocked
   SIGTRAP: 0x00007f8c2b2d6330 in libjvm.so+15557424, mask=11100100010111111101111111111110, flags=SA_RESTART|SA_SIGINFO, unblocked


Compilation memory statistics disabled.

Periodic native trim disabled

---------------  S Y S T E M  ---------------

OS:
DISTRIB_ID=cachyos
DISTRIB_RELEASE="rolling"
DISTRIB_DESCRIPTION="CachyOS"
uname: Linux 6.18.9-3-cachyos #1 SMP PREEMPT_DYNAMIC Thu, 12 Feb 2026 08:18:16 +0000 x86_64
OS uptime: 0 days 3:22 hours
libc: glibc 2.43 NPTL 2.43 
rlimit (soft/hard): STACK 8192k/infinity , CORE infinity/infinity , NPROC 126408/126408 , NOFILE 1048576/1048576 , AS infinity/infinity , CPU infinity/infinity , DATA infinity/infinity , FSIZE infinity/infinity , MEMLOCK 8192k/8192k
load average: 1.00 0.74 0.72

/proc/meminfo:
MemTotal:       32587544 kB
MemFree:        10986440 kB
MemAvailable:   20489800 kB
Buffers:          536780 kB
Cached:          9252644 kB
SwapCached:            0 kB
Active:         14728836 kB
Inactive:        5069240 kB
Active(anon):   10230284 kB
Inactive(anon):        0 kB
Active(file):    4498552 kB
Inactive(file):  5069240 kB
Unevictable:         764 kB
Mlocked:             764 kB
SwapTotal:      32586748 kB
SwapFree:       32586748 kB
Zswap:                 0 kB
Zswapped:              0 kB
Dirty:              7608 kB
Writeback:             0 kB
AnonPages:       9814448 kB
Mapped:          3447476 kB
Shmem:            221972 kB
KReclaimable:     403632 kB
Slab:             659044 kB
SReclaimable:     403632 kB
SUnreclaim:       255412 kB
KernelStack:       38464 kB
PageTables:       107852 kB
SecPageTables:      1028 kB
NFS_Unstable:          0 kB
Bounce:                0 kB
WritebackTmp:          0 kB
CommitLimit:    48880520 kB
Committed_AS:   40967036 kB
VmallocTotal:   34359738367 kB
VmallocUsed:      367044 kB
VmallocChunk:          0 kB
Percpu:            27136 kB
HardwareCorrupted:     0 kB
AnonHugePages:   3129344 kB
ShmemHugePages:        0 kB
ShmemPmdMapped:        0 kB
FileHugePages:   2443264 kB
FilePmdMapped:   1173504 kB
CmaTotal:              0 kB
CmaFree:               0 kB
Unaccepted:            0 kB
Balloon:               0 kB
HugePages_Total:       0
HugePages_Free:        0
HugePages_Rsvd:        0
HugePages_Surp:        0
Hugepagesize:       2048 kB
Hugetlb:               0 kB
DirectMap4k:     1291660 kB
DirectMap2M:    25706496 kB
DirectMap1G:     6291456 kB

/sys/kernel/mm/transparent_hugepage/enabled: [always] madvise never
/sys/kernel/mm/transparent_hugepage/hpage_pmd_size: 2097152
/sys/kernel/mm/transparent_hugepage/shmem_enabled: always within_size advise [never] deny force
/sys/kernel/mm/transparent_hugepage/defrag (defrag/compaction efforts parameter): always defer [defer+madvise] madvise never

Process Memory:
Virtual Size: 13407052K (peak: 13472560K)
Resident Set Size: 518744K (peak: 518744K) (anon: 481988K, file: 36712K, shmem: 44K)
Swapped out: 0K
C-Heap outstanding allocations: 206712K, retained: 188227K
glibc malloc tunables: (default)

/proc/sys/kernel/threads-max (system-wide limit on the number of threads): 252816
/proc/sys/vm/max_map_count (maximum number of memory map areas a process may have): 1048576
/proc/sys/vm/swappiness (control to define how aggressively the kernel swaps out anonymous memory): 150
/proc/sys/kernel/pid_max (system-wide limit on number of process identifiers): 4194304

container information not found.
Steal ticks since vm start: 0
Steal ticks percentage since vm start:  0.000

CPU: total 32 (initial active 32) (16 cores per cpu, 2 threads per core) family 6 model 183 stepping 1 microcode 0x133, cx8, cmov, fxsr, ht, mmx, 3dnowpref, sse, sse2, sse3, ssse3, sse4.1, sse4.2, popcnt, lzcnt, tsc, tscinvbit, avx, avx2, aes, erms, clmul, bmi1, bmi2, adx, sha, fma, vzeroupper, clflush, clflushopt, clwb, serialize, rdtscp, rdpid, fsrm, gfni, f16c, pku, ospke, cet_ibt, cet_ss
CPU Model and flags from /proc/cpuinfo:
model name	: 13th Gen Intel(R) Core(TM) i9-13900K
flags		: fpu vme de pse tsc msr pae mce cx8 apic sep mtrr pge mca cmov pat pse36 clflush dts acpi mmx fxsr sse sse2 ss ht tm pbe syscall nx pdpe1gb rdtscp lm constant_tsc art arch_perfmon pebs bts rep_good nopl xtopology nonstop_tsc cpuid aperfmperf tsc_known_freq pni pclmulqdq dtes64 monitor ds_cpl vmx smx est tm2 ssse3 sdbg fma cx16 xtpr pdcm pcid sse4_1 sse4_2 x2apic movbe popcnt tsc_deadline_timer aes xsave avx f16c rdrand lahf_lm abm 3dnowprefetch cpuid_fault epb ssbd ibrs ibpb stibp ibrs_enhanced tpr_shadow flexpriority ept vpid ept_ad fsgsbase tsc_adjust bmi1 avx2 smep bmi2 erms invpcid rdseed adx smap clflushopt clwb intel_pt sha_ni xsaveopt xsavec xgetbv1 xsaves split_lock_detect user_shstk avx_vnni dtherm ida arat pln pts hwp hwp_notify hwp_act_window hwp_epp hwp_pkg_req hfi vnmi umip pku ospke waitpkg gfni vaes vpclmulqdq rdpid movdiri movdir64b fsrm md_clear serialize pconfig arch_lbr ibt flush_l1d arch_capabilities

Online cpus: 0-31
Offline cpus: 
BIOS frequency limitation: <Not Available>
Frequency switch latency (ns): 0
Available cpu frequencies: <Not Available>
Current governor: powersave
Core performance/turbo boost: <Not Available>

Memory: 4k page, physical 32587544k(20489800k free), swap 32586748k(32586748k free)
Page Sizes: 4k

vm_info: OpenJDK 64-Bit Server VM (25.0.2) for linux-amd64 JRE (25.0.2), built on 2026-01-24T14:09:47Z with gcc 15.2.1 20260103

END.
